This is pdfTeX, Version 3.141592653-2.6-1.40.26 (TeX Live 2024) (preloaded format=pdflatex 2024.8.9)  29 AUG 2024 17:33
entering extended mode
 restricted \write18 enabled.
 file:line:error style messages enabled.
 %&-line parsing enabled.
**thesis.tex
(./thesis.tex
LaTeX2e <2023-11-01> patch level 1
L3 programming layer <2024-02-20>
(./cam-thesis.cls
Document Class: cam-thesis 2012/04/12 University of Cambridge thesis class

***********************************************
***********************************************

(/usr/local/texlive/2024/texmf-dist/tex/latex/base/report.cls
Document Class: report 2023/05/17 v1.4n Standard LaTeX document class
(/usr/local/texlive/2024/texmf-dist/tex/latex/base/size12.clo
File: size12.clo 2023/05/17 v1.4n Standard LaTeX file (size option)
)
\c@part=\count188
\c@chapter=\count189
\c@section=\count190
\c@subsection=\count191
\c@subsubsection=\count192
\c@paragraph=\count193
\c@subparagraph=\count194
\c@figure=\count195
\c@table=\count196
\abovecaptionskip=\skip48
\belowcaptionskip=\skip49
\bibindent=\dimen140
)
(/usr/local/texlive/2024/texmf-dist/tex/latex/graphics/graphicx.sty
Package: graphicx 2021/09/16 v1.2d Enhanced LaTeX Graphics (DPC,SPQR)

(/usr/local/texlive/2024/texmf-dist/tex/latex/graphics/keyval.sty
Package: keyval 2022/05/29 v1.15 key=value parser (DPC)
\KV@toks@=\toks17
)
(/usr/local/texlive/2024/texmf-dist/tex/latex/graphics/graphics.sty
Package: graphics 2022/03/10 v1.4e Standard LaTeX Graphics (DPC,SPQR)

(/usr/local/texlive/2024/texmf-dist/tex/latex/graphics/trig.sty
Package: trig 2021/08/11 v1.11 sin cos tan (DPC)
)
(/usr/local/texlive/2024/texmf-dist/tex/latex/graphics-cfg/graphics.cfg
File: graphics.cfg 2016/06/04 v1.11 sample graphics configuration
)
Package graphics Info: Driver file: pdftex.def on input line 107.

(/usr/local/texlive/2024/texmf-dist/tex/latex/graphics-def/pdftex.def
File: pdftex.def 2022/09/22 v1.2b Graphics/color driver for pdftex
))
\Gin@req@height=\dimen141
\Gin@req@width=\dimen142
)
(/usr/local/texlive/2024/texmf-dist/tex/latex/tools/calc.sty
Package: calc 2023/07/08 v4.3 Infix arithmetic (KKT,FJ)
\calc@Acount=\count197
\calc@Bcount=\count198
\calc@Adimen=\dimen143
\calc@Bdimen=\dimen144
\calc@Askip=\skip50
\calc@Bskip=\skip51
LaTeX Info: Redefining \setlength on input line 80.
LaTeX Info: Redefining \addtolength on input line 81.
\calc@Ccount=\count199
\calc@Cskip=\skip52
)
(/usr/local/texlive/2024/texmf-dist/tex/latex/setspace/setspace.sty
Package: setspace 2022/12/04 v6.7b set line spacing
)
(/usr/local/texlive/2024/texmf-dist/tex/latex/microtype/microtype.sty
Package: microtype 2023/03/13 v3.1a Micro-typographical refinements (RS)

(/usr/local/texlive/2024/texmf-dist/tex/latex/etoolbox/etoolbox.sty
Package: etoolbox 2020/10/05 v2.5k e-TeX tools for LaTeX (JAW)
\etb@tempcnta=\count266
)
\MT@toks=\toks18
\MT@tempbox=\box51
\MT@count=\count267
LaTeX Info: Redefining \noprotrusionifhmode on input line 1059.
LaTeX Info: Redefining \leftprotrusion on input line 1060.
\MT@prot@toks=\toks19
LaTeX Info: Redefining \rightprotrusion on input line 1078.
LaTeX Info: Redefining \textls on input line 1368.
\MT@outer@kern=\dimen145
LaTeX Info: Redefining \textmicrotypecontext on input line 1988.
\MT@listname@count=\count268

(/usr/local/texlive/2024/texmf-dist/tex/latex/microtype/microtype-pdftex.def
File: microtype-pdftex.def 2023/03/13 v3.1a Definitions specific to pdftex (RS)

LaTeX Info: Redefining \lsstyle on input line 902.
LaTeX Info: Redefining \lslig on input line 902.
\MT@outer@space=\skip53
)
Package microtype Info: Loading configuration file microtype.cfg.

(/usr/local/texlive/2024/texmf-dist/tex/latex/microtype/microtype.cfg
File: microtype.cfg 2023/03/13 v3.1a microtype main configuration file (RS)
))
(/usr/local/texlive/2024/texmf-dist/tex/latex/hyperref/hyperref.sty
Package: hyperref 2024-01-20 v7.01h Hypertext links for LaTeX

(/usr/local/texlive/2024/texmf-dist/tex/generic/iftex/iftex.sty
Package: iftex 2022/02/03 v1.0f TeX engine tests
)
(/usr/local/texlive/2024/texmf-dist/tex/latex/kvsetkeys/kvsetkeys.sty
Package: kvsetkeys 2022-10-05 v1.19 Key value parser (HO)
)
(/usr/local/texlive/2024/texmf-dist/tex/generic/kvdefinekeys/kvdefinekeys.sty
Package: kvdefinekeys 2019-12-19 v1.6 Define keys (HO)
)
(/usr/local/texlive/2024/texmf-dist/tex/generic/pdfescape/pdfescape.sty
Package: pdfescape 2019/12/09 v1.15 Implements pdfTeX's escape features (HO)

(/usr/local/texlive/2024/texmf-dist/tex/generic/ltxcmds/ltxcmds.sty
Package: ltxcmds 2023-12-04 v1.26 LaTeX kernel commands for general use (HO)
)
(/usr/local/texlive/2024/texmf-dist/tex/generic/pdftexcmds/pdftexcmds.sty
Package: pdftexcmds 2020-06-27 v0.33 Utility functions of pdfTeX for LuaTeX (HO
)

(/usr/local/texlive/2024/texmf-dist/tex/generic/infwarerr/infwarerr.sty
Package: infwarerr 2019/12/03 v1.5 Providing info/warning/error messages (HO)
)
Package pdftexcmds Info: \pdf@primitive is available.
Package pdftexcmds Info: \pdf@ifprimitive is available.
Package pdftexcmds Info: \pdfdraftmode found.
))
(/usr/local/texlive/2024/texmf-dist/tex/latex/hycolor/hycolor.sty
Package: hycolor 2020-01-27 v1.10 Color options for hyperref/bookmark (HO)
)
(/usr/local/texlive/2024/texmf-dist/tex/latex/auxhook/auxhook.sty
Package: auxhook 2019-12-17 v1.6 Hooks for auxiliary files (HO)
)
(/usr/local/texlive/2024/texmf-dist/tex/latex/hyperref/nameref.sty
Package: nameref 2023-11-26 v2.56 Cross-referencing by name of section

(/usr/local/texlive/2024/texmf-dist/tex/latex/refcount/refcount.sty
Package: refcount 2019/12/15 v3.6 Data extraction from label references (HO)
)
(/usr/local/texlive/2024/texmf-dist/tex/generic/gettitlestring/gettitlestring.s
ty
Package: gettitlestring 2019/12/15 v1.6 Cleanup title references (HO)
 (/usr/local/texlive/2024/texmf-dist/tex/latex/kvoptions/kvoptions.sty
Package: kvoptions 2022-06-15 v3.15 Key value format for package options (HO)
))
\c@section@level=\count269
)
\@linkdim=\dimen146
\Hy@linkcounter=\count270
\Hy@pagecounter=\count271

(/usr/local/texlive/2024/texmf-dist/tex/latex/hyperref/pd1enc.def
File: pd1enc.def 2024-01-20 v7.01h Hyperref: PDFDocEncoding definition (HO)
Now handling font encoding PD1 ...
... no UTF-8 mapping file for font encoding PD1
)
(/usr/local/texlive/2024/texmf-dist/tex/generic/intcalc/intcalc.sty
Package: intcalc 2019/12/15 v1.3 Expandable calculations with integers (HO)
)
\Hy@SavedSpaceFactor=\count272

(/usr/local/texlive/2024/texmf-dist/tex/latex/hyperref/puenc.def
File: puenc.def 2024-01-20 v7.01h Hyperref: PDF Unicode definition (HO)
Now handling font encoding PU ...
... no UTF-8 mapping file for font encoding PU
)
Package hyperref Info: Option `pdffitwindow' set `true' on input line 4062.
Package hyperref Info: Option `pdfpagelabels' set `true' on input line 4062.
Package hyperref Info: Option `colorlinks' set `false' on input line 4062.
Package hyperref Info: Option `pdfusetitle' set `true' on input line 4062.
Package hyperref Info: Hyper figures OFF on input line 4179.
Package hyperref Info: Link nesting OFF on input line 4184.
Package hyperref Info: Hyper index ON on input line 4187.
Package hyperref Info: Plain pages OFF on input line 4194.
Package hyperref Info: Backreferencing OFF on input line 4199.
Package hyperref Info: Implicit mode ON; LaTeX internals redefined.
Package hyperref Info: Bookmarks ON on input line 4446.
\c@Hy@tempcnt=\count273

(/usr/local/texlive/2024/texmf-dist/tex/latex/url/url.sty
\Urlmuskip=\muskip16
Package: url 2013/09/16  ver 3.4  Verb mode for urls, etc.
)
LaTeX Info: Redefining \url on input line 4784.
\XeTeXLinkMargin=\dimen147

(/usr/local/texlive/2024/texmf-dist/tex/generic/bitset/bitset.sty
Package: bitset 2019/12/09 v1.3 Handle bit-vector datatype (HO)

(/usr/local/texlive/2024/texmf-dist/tex/generic/bigintcalc/bigintcalc.sty
Package: bigintcalc 2019/12/15 v1.5 Expandable calculations on big integers (HO
)
))
\Fld@menulength=\count274
\Field@Width=\dimen148
\Fld@charsize=\dimen149
Package hyperref Info: Hyper figures OFF on input line 6063.
Package hyperref Info: Link nesting OFF on input line 6068.
Package hyperref Info: Hyper index ON on input line 6071.
Package hyperref Info: backreferencing OFF on input line 6078.
Package hyperref Info: Link coloring OFF on input line 6083.
Package hyperref Info: Link coloring with OCG OFF on input line 6088.
Package hyperref Info: PDF/A mode OFF on input line 6093.

(/usr/local/texlive/2024/texmf-dist/tex/latex/base/atbegshi-ltx.sty
Package: atbegshi-ltx 2021/01/10 v1.0c Emulation of the original atbegshi
package with kernel methods
)
\Hy@abspage=\count275
\c@Item=\count276
\c@Hfootnote=\count277
)
Package hyperref Info: Driver (autodetected): hpdftex.

(/usr/local/texlive/2024/texmf-dist/tex/latex/hyperref/hpdftex.def
File: hpdftex.def 2024-01-20 v7.01h Hyperref driver for pdfTeX

(/usr/local/texlive/2024/texmf-dist/tex/latex/base/atveryend-ltx.sty
Package: atveryend-ltx 2020/08/19 v1.0a Emulation of the original atveryend pac
kage
with kernel methods
)
\Fld@listcount=\count278
\c@bookmark@seq@number=\count279

(/usr/local/texlive/2024/texmf-dist/tex/latex/rerunfilecheck/rerunfilecheck.sty
Package: rerunfilecheck 2022-07-10 v1.10 Rerun checks for auxiliary files (HO)

(/usr/local/texlive/2024/texmf-dist/tex/generic/uniquecounter/uniquecounter.sty
Package: uniquecounter 2019/12/15 v1.4 Provide unlimited unique counter (HO)
)
Package uniquecounter Info: New unique counter `rerunfilecheck' on input line 2
85.
)
\Hy@SectionHShift=\skip54
) (/usr/local/texlive/2024/texmf-dist/tex/latex/oberdiek/hypcap.sty
Package: hypcap 2016/05/16 v1.12 Adjusting the anchors of captions (HO)

(/usr/local/texlive/2024/texmf-dist/tex/latex/letltxmacro/letltxmacro.sty
Package: letltxmacro 2019/12/03 v1.6 Let assignment for LaTeX macros (HO)
))
(/usr/local/texlive/2024/texmf-dist/tex/latex/base/makeidx.sty
Package: makeidx 2021/10/04 v1.0m Standard LaTeX package
)
\@indexfile=\write3
\openout3 = `thesis.idx'.


Writing index file thesis.idx
(/usr/local/texlive/2024/texmf-dist/tex/latex/glossaries/base/glossaries.sty
Package: glossaries 2023/09/29 v4.53 (NLCT)

(/usr/local/texlive/2024/texmf-dist/tex/latex/base/ifthen.sty
Package: ifthen 2022/04/13 v1.1d Standard LaTeX ifthen package (DPC)
)
(/usr/local/texlive/2024/texmf-dist/tex/latex/xkeyval/xkeyval.sty
Package: xkeyval 2022/06/16 v2.9 package option processing (HA)

(/usr/local/texlive/2024/texmf-dist/tex/generic/xkeyval/xkeyval.tex
(/usr/local/texlive/2024/texmf-dist/tex/generic/xkeyval/xkvutils.tex
\XKV@toks=\toks20
\XKV@tempa@toks=\toks21
)
\XKV@depth=\count280
File: xkeyval.tex 2014/12/03 v2.7a key=value parser (HA)
))
(/usr/local/texlive/2024/texmf-dist/tex/latex/mfirstuc/mfirstuc.sty
Package: mfirstuc 2022/10/14 v2.08 (NLCT)
\@glsmfirst=\toks22
\@glsmrest=\toks23
)
(/usr/local/texlive/2024/texmf-dist/tex/latex/xfor/xfor.sty
Package: xfor 2009/02/05 v1.05 (NLCT)
)
(/usr/local/texlive/2024/texmf-dist/tex/latex/datatool/datatool-base.sty
Package: datatool-base 2019/09/27 v2.32 (NLCT)

(/usr/local/texlive/2024/texmf-dist/tex/latex/amsmath/amsmath.sty
Package: amsmath 2023/05/13 v2.17o AMS math features
\@mathmargin=\skip55

For additional information on amsmath, use the `?' option.
(/usr/local/texlive/2024/texmf-dist/tex/latex/amsmath/amstext.sty
Package: amstext 2021/08/26 v2.01 AMS text

(/usr/local/texlive/2024/texmf-dist/tex/latex/amsmath/amsgen.sty
File: amsgen.sty 1999/11/30 v2.0 generic functions
\@emptytoks=\toks24
\ex@=\dimen150
))
(/usr/local/texlive/2024/texmf-dist/tex/latex/amsmath/amsbsy.sty
Package: amsbsy 1999/11/29 v1.2d Bold Symbols
\pmbraise@=\dimen151
)
(/usr/local/texlive/2024/texmf-dist/tex/latex/amsmath/amsopn.sty
Package: amsopn 2022/04/08 v2.04 operator names
)
\inf@bad=\count281
LaTeX Info: Redefining \frac on input line 234.
\uproot@=\count282
\leftroot@=\count283
LaTeX Info: Redefining \overline on input line 399.
LaTeX Info: Redefining \colon on input line 410.
\classnum@=\count284
\DOTSCASE@=\count285
LaTeX Info: Redefining \ldots on input line 496.
LaTeX Info: Redefining \dots on input line 499.
LaTeX Info: Redefining \cdots on input line 620.
\Mathstrutbox@=\box52
\strutbox@=\box53
LaTeX Info: Redefining \big on input line 722.
LaTeX Info: Redefining \Big on input line 723.
LaTeX Info: Redefining \bigg on input line 724.
LaTeX Info: Redefining \Bigg on input line 725.
\big@size=\dimen152
LaTeX Font Info:    Redeclaring font encoding OML on input line 743.
LaTeX Font Info:    Redeclaring font encoding OMS on input line 744.
\macc@depth=\count286
LaTeX Info: Redefining \bmod on input line 905.
LaTeX Info: Redefining \pmod on input line 910.
LaTeX Info: Redefining \smash on input line 940.
LaTeX Info: Redefining \relbar on input line 970.
LaTeX Info: Redefining \Relbar on input line 971.
\c@MaxMatrixCols=\count287
\dotsspace@=\muskip17
\c@parentequation=\count288
\dspbrk@lvl=\count289
\tag@help=\toks25
\row@=\count290
\column@=\count291
\maxfields@=\count292
\andhelp@=\toks26
\eqnshift@=\dimen153
\alignsep@=\dimen154
\tagshift@=\dimen155
\tagwidth@=\dimen156
\totwidth@=\dimen157
\lineht@=\dimen158
\@envbody=\toks27
\multlinegap=\skip56
\multlinetaggap=\skip57
\mathdisplay@stack=\toks28
LaTeX Info: Redefining \[ on input line 2953.
LaTeX Info: Redefining \] on input line 2954.
)
(/usr/local/texlive/2024/texmf-dist/tex/latex/substr/substr.sty
Package: substr 2009/10/20 v1.2 Handle substrings
\c@su@anzahl=\count293
)
(/usr/local/texlive/2024/texmf-dist/tex/latex/datatool/datatool-fp.sty
Package: datatool-fp 2019/09/27 v2.32 (NLCT)

(/usr/local/texlive/2024/texmf-dist/tex/latex/fp/fp.sty
Package: fp 1995/04/02

`Fixed Point Package', Version 0.8, April 2, 1995 (C) Michael Mehlich
(/usr/local/texlive/2024/texmf-dist/tex/latex/fp/defpattern.sty
Package: defpattern 1994/10/12
\actioncount=\count294
)
(/usr/local/texlive/2024/texmf-dist/tex/latex/fp/fp-basic.sty
Package: fp-basic 1996/05/13
\FP@xs=\count295
\FP@xia=\count296
\FP@xib=\count297
\FP@xfa=\count298
\FP@xfb=\count299
\FP@rega=\count300
\FP@regb=\count301
\FP@regs=\count302
\FP@times=\count303
)
(/usr/local/texlive/2024/texmf-dist/tex/latex/fp/fp-addons.sty
Package: fp-addons 1995/03/15
)
(/usr/local/texlive/2024/texmf-dist/tex/latex/fp/fp-snap.sty
Package: fp-snap 1995/04/05
)
(/usr/local/texlive/2024/texmf-dist/tex/latex/fp/fp-exp.sty
Package: fp-exp 1995/04/03
)
(/usr/local/texlive/2024/texmf-dist/tex/latex/fp/fp-trigo.sty
Package: fp-trigo 1995/04/14
)
(/usr/local/texlive/2024/texmf-dist/tex/latex/fp/fp-pas.sty
Package: fp-pas 1994/08/29
)
(/usr/local/texlive/2024/texmf-dist/tex/latex/fp/fp-random.sty
Package: fp-random 1995/02/23
\FPseed=\count304
)
(/usr/local/texlive/2024/texmf-dist/tex/latex/fp/fp-eqn.sty
Package: fp-eqn 1995/04/03
)
(/usr/local/texlive/2024/texmf-dist/tex/latex/fp/fp-upn.sty
Package: fp-upn 1996/10/21
)
(/usr/local/texlive/2024/texmf-dist/tex/latex/fp/fp-eval.sty
Package: fp-eval 1995/04/03
)))
\@dtl@toks=\toks29
\@dtl@tmpcount=\count305
\dtl@tmplength=\skip58
\dtl@sortresult=\count306
\@dtl@numgrpsepcount=\count307
\@dtl@datatype=\count308
\dtl@codeA=\count309
\dtl@codeB=\count310
\@dtl@foreach@level=\count311
)
\gls@level=\count312
\@gls@tmpb=\toks30
\gls@tmplen=\skip59
\glskeylisttok=\toks31
\glslabeltok=\toks32
\glsshorttok=\toks33
\glslongtok=\toks34

(/usr/local/texlive/2024/texmf-dist/tex/latex/glossaries/styles/glossary-hypern
av.sty
Package: glossary-hypernav 2023/09/29 v4.53 (NLCT)
)
(/usr/local/texlive/2024/texmf-dist/tex/latex/glossaries/styles/glossary-list.s
ty
Package: glossary-list 2023/09/29 v4.53 (NLCT)
\glslistdottedwidth=\skip60
)
(/usr/local/texlive/2024/texmf-dist/tex/latex/glossaries/styles/glossary-long.s
ty
Package: glossary-long 2023/09/29 v4.53 (NLCT)
 (/usr/local/texlive/2024/texmf-dist/tex/latex/tools/longtable.sty
Package: longtable 2023-11-01 v4.19 Multi-page Table package (DPC)
\LTleft=\skip61
\LTright=\skip62
\LTpre=\skip63
\LTpost=\skip64
\LTchunksize=\count313
\LTcapwidth=\dimen159
\LT@head=\box54
\LT@firsthead=\box55
\LT@foot=\box56
\LT@lastfoot=\box57
\LT@gbox=\box58
\LT@cols=\count314
\LT@rows=\count315
\c@LT@tables=\count316
\c@LT@chunks=\count317
\LT@p@ftn=\toks35
)
\glsdescwidth=\skip65
\glspagelistwidth=\skip66
)
(/usr/local/texlive/2024/texmf-dist/tex/latex/glossaries/styles/glossary-super.
sty
Package: glossary-super 2023/09/29 v4.53 (NLCT)
 (/usr/local/texlive/2024/texmf-dist/tex/latex/supertabular/supertabular.sty
Package: supertabular 2020/02/02 v4.1g the supertabular environment
\c@tracingst=\count318
\ST@wd=\dimen160
\ST@rightskip=\skip67
\ST@leftskip=\skip68
\ST@parfillskip=\skip69
\ST@pageleft=\dimen161
\ST@headht=\dimen162
\ST@tailht=\dimen163
\ST@pagesofar=\dimen164
\ST@pboxht=\dimen165
\ST@lineht=\dimen166
\ST@prevht=\dimen167
\ST@toadd=\dimen168
\ST@dimen=\dimen169
\ST@pbox=\box59
))
(/usr/local/texlive/2024/texmf-dist/tex/latex/glossaries/styles/glossary-tree.s
ty
Package: glossary-tree 2023/09/29 v4.53 (NLCT)
\glstreeindent=\skip70
))
\glswrite=\write4
\glo@main@file=\write5
\openout5 = `thesis.glo'.

Package glossaries Info: Writing glossary file thesis.glo on input line 155.
\cam@topmargin=\skip71
\cam@bottommargin=\skip72
) (/usr/local/texlive/2024/texmf-dist/tex/latex/xcolor/xcolor.sty
Package: xcolor 2023/11/15 v3.01 LaTeX color extensions (UK)

(/usr/local/texlive/2024/texmf-dist/tex/latex/graphics-cfg/color.cfg
File: color.cfg 2016/01/02 v1.6 sample color configuration
)
Package xcolor Info: Driver file: pdftex.def on input line 274.

(/usr/local/texlive/2024/texmf-dist/tex/latex/graphics/mathcolor.ltx)
Package xcolor Info: Model `cmy' substituted by `cmy0' on input line 1350.
Package xcolor Info: Model `hsb' substituted by `rgb' on input line 1354.
Package xcolor Info: Model `RGB' extended on input line 1366.
Package xcolor Info: Model `HTML' substituted by `rgb' on input line 1368.
Package xcolor Info: Model `Hsb' substituted by `hsb' on input line 1369.
Package xcolor Info: Model `tHsb' substituted by `hsb' on input line 1370.
Package xcolor Info: Model `HSB' substituted by `hsb' on input line 1371.
Package xcolor Info: Model `Gray' substituted by `gray' on input line 1372.
Package xcolor Info: Model `wave' substituted by `hsb' on input line 1373.
)
(/usr/local/texlive/2024/texmf-dist/tex/latex/colortbl/colortbl.sty
Package: colortbl 2024/02/20 v1.0g Color table columns (DPC)

(/usr/local/texlive/2024/texmf-dist/tex/latex/tools/array.sty
Package: array 2023/10/16 v2.5g Tabular extension package (FMi)
\col@sep=\dimen170
\ar@mcellbox=\box60
\extrarowheight=\dimen171
\NC@list=\toks36
\extratabsurround=\skip73
\backup@length=\skip74
\ar@cellbox=\box61
)
\everycr=\toks37
\minrowclearance=\skip75
\rownum=\count319
)
(/usr/local/texlive/2024/texmf-dist/tex/latex/natbib/natbib.sty
Package: natbib 2010/09/13 8.31b (PWD, AO)
\bibhang=\skip76
\bibsep=\skip77
LaTeX Info: Redefining \cite on input line 694.
\c@NAT@ctr=\count320
)
(/usr/local/texlive/2024/texmf-dist/tex/latex/wrapfig/wrapfig.sty
\wrapoverhang=\dimen172
\WF@size=\dimen173
\c@WF@wrappedlines=\count321
\WF@box=\box62
\WF@everypar=\toks38
Package: wrapfig 2003/01/31  v 3.6
)
(/usr/local/texlive/2024/texmf-dist/tex/latex/lipsum/lipsum.sty
(/usr/local/texlive/2024/texmf-dist/tex/latex/l3packages/l3keys2e/l3keys2e.sty
(/usr/local/texlive/2024/texmf-dist/tex/latex/l3kernel/expl3.sty
Package: expl3 2024-02-20 L3 programming layer (loader) 

(/usr/local/texlive/2024/texmf-dist/tex/latex/l3backend/l3backend-pdftex.def
File: l3backend-pdftex.def 2024-02-20 L3 backend support: PDF output (pdfTeX)
\l__color_backend_stack_int=\count322
\l__pdf_internal_box=\box63
))
Package: l3keys2e 2024-02-18 LaTeX2e option processing using LaTeX3 keys
)
Package: lipsum 2021-09-20 v2.7 150 paragraphs of Lorem Ipsum dummy text
\g__lipsum_par_int=\count323
\l__lipsum_a_int=\count324
\l__lipsum_b_int=\count325
(/usr/local/texlive/2024/texmf-dist/tex/latex/lipsum/lipsum.ltd.tex))
(/usr/local/texlive/2024/texmf-dist/tex/latex/adjustbox/adjustbox.sty
Package: adjustbox 2022/10/17 v1.3a Adjusting TeX boxes (trim, clip, ...)

(/usr/local/texlive/2024/texmf-dist/tex/latex/adjustbox/adjcalc.sty
Package: adjcalc 2012/05/16 v1.1 Provides advanced setlength with multiple back
-ends (calc, etex, pgfmath)
)
(/usr/local/texlive/2024/texmf-dist/tex/latex/adjustbox/trimclip.sty
Package: trimclip 2020/08/19 v1.2 Trim and clip general TeX material

(/usr/local/texlive/2024/texmf-dist/tex/latex/collectbox/collectbox.sty
Package: collectbox 2022/10/17 v0.4c Collect macro arguments as boxes
\collectedbox=\box64
)
\tc@llx=\dimen174
\tc@lly=\dimen175
\tc@urx=\dimen176
\tc@ury=\dimen177
Package trimclip Info: Using driver 'tc-pdftex.def'.

(/usr/local/texlive/2024/texmf-dist/tex/latex/adjustbox/tc-pdftex.def
File: tc-pdftex.def 2019/01/04 v2.2 Clipping driver for pdftex
))
\adjbox@Width=\dimen178
\adjbox@Height=\dimen179
\adjbox@Depth=\dimen180
\adjbox@Totalheight=\dimen181
\adjbox@pwidth=\dimen182
\adjbox@pheight=\dimen183
\adjbox@pdepth=\dimen184
\adjbox@ptotalheight=\dimen185

(/usr/local/texlive/2024/texmf-dist/tex/latex/ifoddpage/ifoddpage.sty
Package: ifoddpage 2022/10/18 v1.2 Conditionals for odd/even page detection
\c@checkoddpage=\count326
)
(/usr/local/texlive/2024/texmf-dist/tex/latex/varwidth/varwidth.sty
Package: varwidth 2009/03/30 ver 0.92;  Variable-width minipages
\@vwid@box=\box65
\sift@deathcycles=\count327
\@vwid@loff=\dimen186
\@vwid@roff=\dimen187
))
(/usr/local/texlive/2024/texmf-dist/tex/latex/booktabs/booktabs.sty
Package: booktabs 2020/01/12 v1.61803398 Publication quality tables
\heavyrulewidth=\dimen188
\lightrulewidth=\dimen189
\cmidrulewidth=\dimen190
\belowrulesep=\dimen191
\belowbottomsep=\dimen192
\aboverulesep=\dimen193
\abovetopsep=\dimen194
\cmidrulesep=\dimen195
\cmidrulekern=\dimen196
\defaultaddspace=\dimen197
\@cmidla=\count328
\@cmidlb=\count329
\@aboverulesep=\dimen198
\@belowrulesep=\dimen199
\@thisruleclass=\count330
\@lastruleclass=\count331
\@thisrulewidth=\dimen256
)
(/usr/local/texlive/2024/texmf-dist/tex/latex/base/textcomp.sty
Package: textcomp 2020/02/02 v2.0n Standard LaTeX package
)
(/usr/local/texlive/2024/texmf-dist/tex/latex/mathtools/mathtools.sty
Package: mathtools 2024/03/11 v1.30 mathematical typesetting tools

(/usr/local/texlive/2024/texmf-dist/tex/latex/mathtools/mhsetup.sty
Package: mhsetup 2021/03/18 v1.4 programming setup (MH)
)
\g_MT_multlinerow_int=\count332
\l_MT_multwidth_dim=\dimen257
\origjot=\skip78
\l_MT_shortvdotswithinadjustabove_dim=\dimen258
\l_MT_shortvdotswithinadjustbelow_dim=\dimen259
\l_MT_above_intertext_sep=\dimen260
\l_MT_below_intertext_sep=\dimen261
\l_MT_above_shortintertext_sep=\dimen262
\l_MT_below_shortintertext_sep=\dimen263
\xmathstrut@box=\box66
\xmathstrut@dim=\dimen264
)
(/usr/local/texlive/2024/texmf-dist/tex/latex/l3packages/xparse/xparse.sty
Package: xparse 2024-02-18 L3 Experimental document command parser
)
(/usr/local/texlive/2024/texmf-dist/tex/latex/algorithm2e/algorithm2e.sty
Package: algorithm2e 2017/07/18 v5.2 algorithms environments
\c@AlgoLine=\count333
\algocf@hangindent=\skip79

(/usr/local/texlive/2024/texmf-dist/tex/latex/tools/xspace.sty
Package: xspace 2014/10/28 v1.13 Space after command names (DPC,MH)
)
(/usr/local/texlive/2024/texmf-dist/tex/latex/relsize/relsize.sty
Package: relsize 2013/03/29 ver 4.1
)
\skiptotal=\skip80
\skiplinenumber=\skip81
\skiprule=\skip82
\skiphlne=\skip83
\skiptext=\skip84
\skiplength=\skip85
\algomargin=\skip86
\skipalgocfslide=\skip87
\algowidth=\dimen265
\inoutsize=\dimen266
\inoutindent=\dimen267
\interspacetitleruled=\dimen268
\interspacealgoruled=\dimen269
\interspacetitleboxruled=\dimen270
\algocf@ruledwidth=\skip88
\algocf@inoutbox=\box67
\algocf@inputbox=\box68
\AlCapSkip=\skip89
\AlCapHSkip=\skip90
\algoskipindent=\skip91
\algocf@nlbox=\box69
\algocf@hangingbox=\box70
\algocf@untilbox=\box71
\algocf@skipuntil=\skip92
\algocf@capbox=\box72
\algocf@lcaptionbox=\skip93
\algoheightruledefault=\skip94
\algoheightrule=\skip95
\algotitleheightruledefault=\skip96
\algotitleheightrule=\skip97
\c@algocfline=\count334
\c@algocfproc=\count335
\c@algocf=\count336
\algocf@algoframe=\box73
\algocf@algobox=\box74
)
(/usr/local/texlive/2024/texmf-dist/tex/latex/algorithmicx/algpseudocode.sty
Package: algpseudocode 

(/usr/local/texlive/2024/texmf-dist/tex/latex/algorithmicx/algorithmicx.sty
Package: algorithmicx 2005/04/27 v1.2 Algorithmicx

Document Style algorithmicx 1.2 - a greatly improved `algorithmic' style
\c@ALG@line=\count337
\c@ALG@rem=\count338
\c@ALG@nested=\count339
\ALG@tlm=\skip98
\ALG@thistlm=\skip99
\c@ALG@Lnr=\count340
\c@ALG@blocknr=\count341
\c@ALG@storecount=\count342
\c@ALG@tmpcounter=\count343
\ALG@tmplength=\skip100
)
Document Style - pseudocode environments for use with the `algorithmicx' style
) (/usr/local/texlive/2024/texmf-dist/tex/latex/sttools/stfloats.sty
Package: stfloats 2017/03/27 v3.3 Improve float mechanism and baselineskip sett
ings
\@dblbotnum=\count344
\c@dblbotnumber=\count345
)
(/usr/local/texlive/2024/texmf-dist/tex/latex/tools/verbatim.sty
Package: verbatim 2023-11-06 v1.5v LaTeX2e package for verbatim enhancements
\every@verbatim=\toks39
\verbatim@line=\toks40
\verbatim@in@stream=\read2
)
(/usr/local/texlive/2024/texmf-dist/tex/latex/pdfpages/pdfpages.sty
Package: pdfpages 2024/01/21 v0.5y Insert pages of external PDF documents (AM)

(/usr/local/texlive/2024/texmf-dist/tex/latex/eso-pic/eso-pic.sty
Package: eso-pic 2023/05/03 v3.0c eso-pic (RN)
\ESO@tempdima=\dimen271
\ESO@tempdimb=\dimen272
)
\AM@pagewidth=\dimen273
\AM@pageheight=\dimen274
\AM@fboxrule=\dimen275

(/usr/local/texlive/2024/texmf-dist/tex/latex/pdfpages/pppdftex.def
File: pppdftex.def 2024/01/21 v0.5y Pdfpages driver for pdfTeX (AM)
)
\pdfpages@includegraphics@status=\count346
\AM@pagebox=\box75
\AM@global@opts=\toks41
\AM@pagecnt=\count347
\AM@toc@title=\toks42
\AM@lof@heading=\toks43
\c@AM@survey=\count348
\AM@templatesizebox=\box76
)
(/usr/local/texlive/2024/texmf-dist/tex/latex/caption/subcaption.sty
Package: subcaption 2023/07/28 v1.6b Sub-captions (AR)

(/usr/local/texlive/2024/texmf-dist/tex/latex/caption/caption.sty
Package: caption 2023/08/05 v3.6o Customizing captions (AR)

(/usr/local/texlive/2024/texmf-dist/tex/latex/caption/caption3.sty
Package: caption3 2023/07/31 v2.4d caption3 kernel (AR)
\caption@tempdima=\dimen276
\captionmargin=\dimen277
\caption@leftmargin=\dimen278
\caption@rightmargin=\dimen279
\caption@width=\dimen280
\caption@indent=\dimen281
\caption@parindent=\dimen282
\caption@hangindent=\dimen283
Package caption Info: Standard document class detected.
)
\c@caption@flags=\count349
\c@continuedfloat=\count350
Package caption Info: hyperref package is loaded.
Package caption Info: hypcap package is loaded.
Package caption Info: longtable package is loaded.

(/usr/local/texlive/2024/texmf-dist/tex/latex/caption/ltcaption.sty
Package: ltcaption 2021/01/08 v1.4c longtable captions (AR)
)
Package caption Info: supertabular package is loaded.
Package caption Info: wrapfig package is loaded.
)
Package caption Info: New subtype `subfigure' on input line 238.
\c@subfigure=\count351
Package caption Info: New subtype `subtable' on input line 238.
\c@subtable=\count352
)
(/usr/local/texlive/2024/texmf-dist/tex/latex/float/float.sty
Package: float 2001/11/08 v1.3d Float enhancements (AL)
\c@float@type=\count353
\float@exts=\toks44
\float@box=\box77
\@float@everytoks=\toks45
\@floatcapt=\box78
)
(/usr/local/texlive/2024/texmf-dist/tex/latex/graphics/lscape.sty
Package: lscape 2020/05/28 v3.02 Landscape Pages (DPC)
)
Package hyperref Info: Option `colorlinks' set `true' on input line 73.

(/usr/local/texlive/2024/texmf-dist/tex/latex/axessibility/axessibility.sty
Package: axessibility 

(/usr/local/texlive/2024/texmf-dist/tex/latex/amsfonts/amssymb.sty
Package: amssymb 2013/01/14 v3.01 AMS font symbols

(/usr/local/texlive/2024/texmf-dist/tex/latex/amsfonts/amsfonts.sty
Package: amsfonts 2013/01/14 v3.01 Basic AMSFonts support
\symAMSa=\mathgroup4
\symAMSb=\mathgroup5
LaTeX Font Info:    Redeclaring math symbol \hbar on input line 98.
LaTeX Font Info:    Overwriting math alphabet `\mathfrak' in version `bold'
(Font)                  U/euf/m/n --> U/euf/b/n on input line 106.
))
(/usr/local/texlive/2024/texmf-dist/tex/generic/xstring/xstring.sty
(/usr/local/texlive/2024/texmf-dist/tex/generic/xstring/xstring.tex
\xs_counta=\count354
\xs_countb=\count355
)
Package: xstring 2023/08/22 v1.86 String manipulations (CT)
)
(/usr/local/texlive/2024/texmf-dist/tex/latex/accsupp/accsupp.sty
Package: accsupp 2019/12/05 v0.6 Accessibility support by marked content (HO)

(/usr/local/texlive/2024/texmf-dist/tex/latex/accsupp/accsupp-pdftex.def
File: accsupp-pdftex.def 2019/12/05 v0.6 accsupp driver for pdfTeX (HO)
))
(/usr/local/texlive/2024/texmf-dist/tex/generic/pdftex/glyphtounicode.tex)
\@mltext=\toks46
\@mltexttmp=\toks47
)
(./thesis.aux

LaTeX Warning: Label `fig:teaser' multiply defined.


LaTeX Warning: Label `fig:teaser' multiply defined.

)
\openout1 = `thesis.aux'.

LaTeX Font Info:    Checking defaults for OML/cmm/m/it on input line 213.
LaTeX Font Info:    ... okay on input line 213.
LaTeX Font Info:    Checking defaults for OMS/cmsy/m/n on input line 213.
LaTeX Font Info:    ... okay on input line 213.
LaTeX Font Info:    Checking defaults for OT1/cmr/m/n on input line 213.
LaTeX Font Info:    ... okay on input line 213.
LaTeX Font Info:    Checking defaults for T1/cmr/m/n on input line 213.
LaTeX Font Info:    ... okay on input line 213.
LaTeX Font Info:    Checking defaults for TS1/cmr/m/n on input line 213.
LaTeX Font Info:    ... okay on input line 213.
LaTeX Font Info:    Checking defaults for OMX/cmex/m/n on input line 213.
LaTeX Font Info:    ... okay on input line 213.
LaTeX Font Info:    Checking defaults for U/cmr/m/n on input line 213.
LaTeX Font Info:    ... okay on input line 213.
LaTeX Font Info:    Checking defaults for PD1/pdf/m/n on input line 213.
LaTeX Font Info:    ... okay on input line 213.
LaTeX Font Info:    Checking defaults for PU/pdf/m/n on input line 213.
LaTeX Font Info:    ... okay on input line 213.
 (/usr/local/texlive/2024/texmf-dist/tex/context/base/mkii/supp-pdf.mkii
[Loading MPS to PDF converter (version 2006.09.02).]
\scratchcounter=\count356
\scratchdimen=\dimen284
\scratchbox=\box79
\nofMPsegments=\count357
\nofMParguments=\count358
\everyMPshowfont=\toks48
\MPscratchCnt=\count359
\MPscratchDim=\dimen285
\MPnumerator=\count360
\makeMPintoPDFobject=\count361
\everyMPtoPDFconversion=\toks49
) (/usr/local/texlive/2024/texmf-dist/tex/latex/epstopdf-pkg/epstopdf-base.sty
Package: epstopdf-base 2020-01-24 v2.11 Base part for package epstopdf
Package epstopdf-base Info: Redefining graphics rule for `.eps' on input line 4
85.

(/usr/local/texlive/2024/texmf-dist/tex/latex/latexconfig/epstopdf-sys.cfg
File: epstopdf-sys.cfg 2010/07/13 v1.3 Configuration of (r)epstopdf for TeX Liv
e
))
LaTeX Info: Redefining \microtypecontext on input line 213.
Package microtype Info: Applying patch `item' on input line 213.
Package microtype Info: Applying patch `toc' on input line 213.
Package microtype Info: Applying patch `eqnum' on input line 213.
Package microtype Info: Applying patch `footnote' on input line 213.
Package microtype Info: Applying patch `verbatim' on input line 213.
Package microtype Info: Generating PDF output.
Package microtype Info: Character protrusion enabled (level 2).
Package microtype Info: Using default protrusion set `alltext'.
Package microtype Info: Automatic font expansion enabled (level 2),
(microtype)             stretch: 20, shrink: 20, step: 1, non-selected.
Package microtype Info: Using default expansion set `alltext-nott'.
LaTeX Info: Redefining \showhyphens on input line 213.
Package microtype Info: No adjustment of tracking.
Package microtype Info: No adjustment of interword spacing.
Package microtype Info: No adjustment of character kerning.

(/usr/local/texlive/2024/texmf-dist/tex/latex/microtype/mt-cmr.cfg
File: mt-cmr.cfg 2013/05/19 v2.2 microtype config. file: Computer Modern Roman 
(RS)
)
Package hyperref Info: Link coloring ON on input line 213.

(./thesis.out) (./thesis.out)
\@outlinefile=\write6
\openout6 = `thesis.out'.


(/usr/local/texlive/2024/texmf-dist/tex/latex/pdflscape/pdflscape.sty
Package: pdflscape 2022-10-27 v0.13 Display of landscape pages in PDF

(/usr/local/texlive/2024/texmf-dist/tex/latex/pdflscape/pdflscape-nometadata.st
y
Package: pdflscape-nometadata 2022-10-28 v0.13 Display of landscape pages in PD
F (HO)
Package pdflscape Info: Auto-detected driver: pdftex on input line 81.
))
Package caption Info: Begin \AtBeginDocument code.
Package caption Info: float package is loaded.
Package caption Info: End \AtBeginDocument code.
\cam@logorightnudge=\skip101
\cam@logo=\box80
<CollegeShields/CUni.pdf, id=277, 330.23375pt x 69.25874pt>
File: CollegeShields/CUni.pdf Graphic file (type pdf)
<use CollegeShields/CUni.pdf>
Package pdftex.def Info: CollegeShields/CUni.pdf  used on input line 218.
(pdftex.def)             Requested size: 207.70511pt x 43.56242pt.
\cam@title=\box81
LaTeX Font Info:    Trying to load font information for U+msa on input line 218
.
 (/usr/local/texlive/2024/texmf-dist/tex/latex/amsfonts/umsa.fd
File: umsa.fd 2013/01/14 v3.01 AMS symbols A
)
(/usr/local/texlive/2024/texmf-dist/tex/latex/microtype/mt-msa.cfg
File: mt-msa.cfg 2006/02/04 v1.1 microtype config. file: AMS symbols (a) (RS)
)
LaTeX Font Info:    Trying to load font information for U+msb on input line 218
.

(/usr/local/texlive/2024/texmf-dist/tex/latex/amsfonts/umsb.fd
File: umsb.fd 2013/01/14 v3.01 AMS symbols B
)
(/usr/local/texlive/2024/texmf-dist/tex/latex/microtype/mt-msb.cfg
File: mt-msb.cfg 2005/06/01 v1.0 microtype config. file: AMS symbols (b) (RS)
)
\cam@collegeshieldbox=\box82
<CollegeShields/Queens.pdf, id=278, 240.42578pt x 284.52756pt>
File: CollegeShields/Queens.pdf Graphic file (type pdf)
<use CollegeShields/Queens.pdf>
Package pdftex.def Info: CollegeShields/Queens.pdf  used on input line 218.
(pdftex.def)             Requested size: 48.08429pt x 56.9055pt.
\cam@authorcollege=\box83
\cam@submitnotice=\box84
\cam@titlepagevspace=\skip102
 [1

\openout4 = `thesis.ist'.

{/usr/local/texlive/2024/texmf-var/fonts/map/pdftex/updmap/pdftex.map} <./Colle
geShields/CUni.pdf> <./CollegeShields/Queens.pdf>] [2

] [3] [4] [5

] [6

] [7] [8

]
(./thesis.toc [9] [10])
\tf@toc=\write7
\openout7 = `thesis.toc'.

 [11] [12

]
No file thesis.gls.
[13] [14

]
No file thesis.gls.
(./Chapters/Introduction.tex [15] [16

]
Chapter 1.

Overfull \hbox (1.99655pt too wide) in paragraph at lines 5--5
[]\OT1/cmr/m/n/12 (-20) Margin
 []


Overfull \hbox (1.99655pt too wide) in paragraph at lines 5--5
[]\OT1/cmr/m/n/12 (-20) Margin
 []

) (./Chapters/Background.tex [17] [18]
Chapter 2.
<Images/pixelate_image_snowman.png, id=444, 1134.639pt x 287.6346pt>
File: Images/pixelate_image_snowman.png Graphic file (type png)
<use Images/pixelate_image_snowman.png>
Package pdftex.def Info: Images/pixelate_image_snowman.png  used on input line 
15.
(pdftex.def)             Requested size: 455.24411pt x 115.40291pt.
[19

 <./Images/pixelate_image_snowman.png>]
<Images/grid_circle.png, id=456, 342.5598pt x 259.4493pt>
File: Images/grid_circle.png Graphic file (type png)
<use Images/grid_circle.png>
Package pdftex.def Info: Images/grid_circle.png  used on input line 29.
(pdftex.def)             Requested size: 182.09486pt x 137.91917pt.
<Images/merged_grid_circle2-crop.pdf, id=457, 343.2825pt x 259.97125pt>
File: Images/merged_grid_circle2-crop.pdf Graphic file (type pdf)
<use Images/merged_grid_circle2-crop.pdf>
Package pdftex.def Info: Images/merged_grid_circle2-crop.pdf  used on input lin
e 30.
(pdftex.def)             Requested size: 182.09486pt x 137.89914pt.
<Images/colourspace.png, id=458, 663.47874pt x 681.54625pt>
File: Images/colourspace.png Graphic file (type png)
<use Images/colourspace.png>
Package pdftex.def Info: Images/colourspace.png  used on input line 38.
(pdftex.def)             Requested size: 217.6621pt x 223.59021pt.
 [20 <./Images/grid_circle.png> <./Images/merged_grid_circle2-crop.pdf> <./Imag
es/colourspace.png (PNG copy)>]
<Images/colour_quantization.png, id=475, 1133.9163pt x 346.896pt>
File: Images/colour_quantization.png Graphic file (type png)
<use Images/colour_quantization.png>
Package pdftex.def Info: Images/colour_quantization.png  used on input line 63.

(pdftex.def)             Requested size: 409.71692pt x 125.34296pt.

[21 <./Images/colour_quantization.png>]
<Images/scene_with_camera.jpg, id=484, 766.865pt x 580.1675pt>
File: Images/scene_with_camera.jpg Graphic file (type jpg)
<use Images/scene_with_camera.jpg>
Package pdftex.def Info: Images/scene_with_camera.jpg  used on input line 78.
(pdftex.def)             Requested size: 318.66948pt x 241.09256pt.
 [22 <./Images/scene_with_camera.jpg>]
<Images/Triangulation-of-surfaces-Any-curved-surface-in-this-case-a-sphere-can-
be-approximated.png, id=491, 853.1875pt x 215.80624pt>
File: Images/Triangulation-of-surfaces-Any-curved-surface-in-this-case-a-sphere
-can-be-approximated.png Graphic file (type png)
<use Images/Triangulation-of-surfaces-Any-curved-surface-in-this-case-a-sphere-
can-be-approximated.png>
Package pdftex.def Info: Images/Triangulation-of-surfaces-Any-curved-surface-in
-this-case-a-sphere-can-be-approximated.png  used on input line 92.
(pdftex.def)             Requested size: 318.66948pt x 80.60443pt.

[23 <./Images/Triangulation-of-surfaces-Any-curved-surface-in-this-case-a-spher
e-can-be-approximated.png>]
<Images/perspective_projection.png, id=499, 3785.14125pt x 1713.40125pt>
File: Images/perspective_projection.png Graphic file (type png)
<use Images/perspective_projection.png>
Package pdftex.def Info: Images/perspective_projection.png  used on input line 
117.
(pdftex.def)             Requested size: 273.14923pt x 123.63669pt.
 [24]
<Images/single_point_perspective.png, id=508, 3489.035pt x 3035.34pt>
File: Images/single_point_perspective.png Graphic file (type png)
<use Images/single_point_perspective.png>
Package pdftex.def Info: Images/single_point_perspective.png  used on input lin
e 128.
(pdftex.def)             Requested size: 182.07504pt x 128.01604pt.
<Images/two_points_perspective.png, id=509, 4047.12pt x 3035.34pt>
File: Images/two_points_perspective.png Graphic file (type png)
<use Images/two_points_perspective.png>
Package pdftex.def Info: Images/two_points_perspective.png  used on input line 
129.
(pdftex.def)             Requested size: 182.05078pt x 128.01604pt.
 [25 <./Images/perspective_projection.png> <./Images/single_point_perspective.p
ng> <./Images/two_points_perspective.png>]
<Images/object-colour.png, id=517, 120.45pt x 86.4831pt>
File: Images/object-colour.png Graphic file (type png)
<use Images/object-colour.png>
Package pdftex.def Info: Images/object-colour.png  used on input line 147.
(pdftex.def)             Requested size: 136.5733pt x 98.06915pt.
<Images/rough_river_surface_reflection.png, id=522, 2901.84125pt x 3869.45625pt
>
File: Images/rough_river_surface_reflection.png Graphic file (type png)
<use Images/rough_river_surface_reflection.png>
Package pdftex.def Info: Images/rough_river_surface_reflection.png  used on inp
ut line 157.
(pdftex.def)             Requested size: 136.5733pt x 182.08884pt.

[26 <./Images/object-colour.png> <./Images/rough_river_surface_reflection.png>]
<Images/diagram_microfacet.png, id=535, 2006.49625pt x 606.265pt>
File: Images/diagram_microfacet.png Graphic file (type png)
<use Images/diagram_microfacet.png>
Package pdftex.def Info: Images/diagram_microfacet.png  used on input line 168.

(pdftex.def)             Requested size: 409.71692pt x 123.79483pt.
<Images/shad-diffuse1.png, id=537, 301.125pt x 288.07625pt>
File: Images/shad-diffuse1.png Graphic file (type png)
<use Images/shad-diffuse1.png>
Package pdftex.def Info: Images/shad-diffuse1.png  used on input line 186.
(pdftex.def)             Requested size: 92.47145pt x 88.46313pt.
<Images/Differences-between-the-specular-and-diffuse-reflections-specuclar-refl
ections-occur-on.png, id=538, 853.1875pt x 282.05376pt>
File: Images/Differences-between-the-specular-and-diffuse-reflections-specuclar
-reflections-occur-on.png Graphic file (type png)
<use Images/Differences-between-the-specular-and-diffuse-reflections-specuclar-
reflections-occur-on.png>
Package pdftex.def Info: Images/Differences-between-the-specular-and-diffuse-re
flections-specuclar-reflections-occur-on.png  used on input line 195.
(pdftex.def)             Requested size: 318.66948pt x 105.34811pt.
[27 <./Images/diagram_microfacet.png> <./Images/Differences-between-the-specula
r-and-diffuse-reflections-specuclar-reflections-occur-on.png> <./Images/shad-di
ffuse1.png>] [28]
<Images/ray-tracing-image-1.jpg, id=555, 1066.98625pt x 701.62125pt>
File: Images/ray-tracing-image-1.jpg Graphic file (type jpg)
<use Images/ray-tracing-image-1.jpg>
Package pdftex.def Info: Images/ray-tracing-image-1.jpg  used on input line 220
.
(pdftex.def)             Requested size: 227.62206pt x 149.67868pt.
 [29 <./Images/ray-tracing-image-1.jpg>] [30]
<Images/specular+diffuse.png, id=567, 513.92pt x 513.92pt>
File: Images/specular+diffuse.png Graphic file (type png)
<use Images/specular+diffuse.png>
Package pdftex.def Info: Images/specular+diffuse.png  used on input line 249.
(pdftex.def)             Requested size: 106.69783pt x 106.69522pt.


pdfTeX warning: /usr/local/texlive/2024/bin/universal-darwin/pdflatex (file ./I
mages/diffuse+specular+angle.pdf): PDF inclusion: found PDF version <1.7>, but 
at most version <1.6> allowed
<Images/diffuse+specular+angle.pdf, id=571, 726.715pt x 202.7575pt>
File: Images/diffuse+specular+angle.pdf Graphic file (type pdf)
<use Images/diffuse+specular+angle.pdf>
Package pdftex.def Info: Images/diffuse+specular+angle.pdf  used on input line 
264.
(pdftex.def)             Requested size: 227.62206pt x 63.50697pt.

Package natbib Warning: Citation `phong1998illumination' on page 31 undefined o
n input line 283.

[31 <./Images/specular+diffuse.png> <./Images/diffuse+specular+angle.pdf>]

pdfTeX warning: /usr/local/texlive/2024/bin/universal-darwin/pdflatex (file ./I
mages/Phong-roughness-coeff.pdf): PDF inclusion: found PDF version <1.7>, but a
t most version <1.6> allowed
<Images/Phong-roughness-coeff.pdf, id=597, 728.7225pt x 145.54375pt>
File: Images/Phong-roughness-coeff.pdf Graphic file (type pdf)
<use Images/Phong-roughness-coeff.pdf>
Package pdftex.def Info: Images/Phong-roughness-coeff.pdf  used on input line 2
92.
(pdftex.def)             Requested size: 455.24411pt x 90.92241pt.
<Images/shad2-brdfdir.png, id=598, 301.125pt x 158.5925pt>
File: Images/shad2-brdfdir.png Graphic file (type png)
<use Images/shad2-brdfdir.png>
Package pdftex.def Info: Images/shad2-brdfdir.png  used on input line 300.
(pdftex.def)             Requested size: 170.71652pt x 89.91466pt.
[32 <./Images/Phong-roughness-coeff.pdf> <./Images/shad2-brdfdir.png>]

Package natbib Warning: Citation `Chenliang's paper' on page 33 undefined on in
put line 322.


Package natbib Warning: Citation `Chenliang's paper' on page 33 undefined on in
put line 322.

[33{/usr/local/texlive/2024/texmf-dist/fonts/enc/dvips/cm-super/cm-super-ts1.en
c}] [34] [35]
<Images/gradient-descent.png, id=648, 358.4592pt x 411.6981pt>
File: Images/gradient-descent.png Graphic file (type png)
<use Images/gradient-descent.png>
Package pdftex.def Info: Images/gradient-descent.png  used on input line 356.
(pdftex.def)             Requested size: 199.16928pt x 228.7527pt.


Package natbib Warning: Citation `kingma2014adam' on page 36 undefined on input
 line 360.

[36 <./Images/gradient-descent.png>]

Package natbib Warning: Citation `johnson2016perceptuallossesrealtimestyle' on 
page 37 undefined on input line 366.

<Images/l1vsl2loss.png, id=656, 409.7709pt x 312.2064pt>
File: Images/l1vsl2loss.png Graphic file (type png)
<use Images/l1vsl2loss.png>
Package pdftex.def Info: Images/l1vsl2loss.png  used on input line 372.
(pdftex.def)             Requested size: 182.09486pt x 138.73846pt.
[37 <./Images/l1vsl2loss.png>]
<Images/neuron.png, id=667, 545.03625pt x 521.95pt>
File: Images/neuron.png Graphic file (type png)
<use Images/neuron.png>
Package pdftex.def Info: Images/neuron.png  used on input line 395.
(pdftex.def)             Requested size: 142.26378pt x 136.2374pt.
 [38]
<Images/MLP.jpeg, id=677, 853.1875pt x 456.70625pt>
File: Images/MLP.jpeg Graphic file (type jpg)
<use Images/MLP.jpeg>
Package pdftex.def Info: Images/MLP.jpeg  used on input line 419.
(pdftex.def)             Requested size: 364.19667pt x 194.95822pt.
 [39 <./Images/neuron.png>] [40 <./Images/MLP.jpeg>]

Package natbib Warning: Citation `cybenko1989approximation' on page 41 undefine
d on input line 457.


Package natbib Warning: Citation `nguyen2015deep' on page 41 undefined on input
 line 459.


Package natbib Warning: Citation `mildenhall2021nerf' on page 41 undefined on i
nput line 459.


Package natbib Warning: Citation `rahaman2019spectral' on page 41 undefined on 
input line 461.


Package natbib Warning: Citation `rahimi2007random' on page 41 undefined on inp
ut line 461.

[41]
<Images/FFN.png, id=709, 1358.676pt x 222.5916pt>
File: Images/FFN.png Graphic file (type png)
<use Images/FFN.png>
Package pdftex.def Info: Images/FFN.png  used on input line 474.
(pdftex.def)             Requested size: 455.24411pt x 74.58307pt.
) (./Chapters/DetailRetouching.tex [42 <./Images/FFN.png>]
Chapter 3.
<Chapters/detail-retouching-figs/teaser_CVMP.pdf, id=720, 956.57375pt x 432.616
26pt>
File: Chapters/detail-retouching-figs/teaser_CVMP.pdf Graphic file (type pdf)
<use Chapters/detail-retouching-figs/teaser_CVMP.pdf>
Package pdftex.def Info: Chapters/detail-retouching-figs/teaser_CVMP.pdf  used 
on input line 8.
(pdftex.def)             Requested size: 455.24411pt x 205.88432pt.
(./Chapters/detail-retouching-secs/Introduction.tex [43

] [44 <./Chapters/detail-retouching-figs/teaser_CVMP.pdf>])
(./Chapters/detail-retouching-secs/RelatedWork.tex [45] [46] [47]

pdfTeX warning: /usr/local/texlive/2024/bin/universal-darwin/pdflatex (file ./C
hapters/detail-retouching-figs/PS1.pdf): PDF inclusion: found PDF version <1.7>
, but at most version <1.6> allowed
<Chapters/detail-retouching-figs/PS1.pdf, id=919, 963.6pt x 542.025pt>
File: Chapters/detail-retouching-figs/PS1.pdf Graphic file (type pdf)
<use Chapters/detail-retouching-figs/PS1.pdf>
Package pdftex.def Info: Chapters/detail-retouching-figs/PS1.pdf  used on input
 line 52.
(pdftex.def)             Requested size: 250.38564pt x 140.84047pt.


pdfTeX warning: /usr/local/texlive/2024/bin/universal-darwin/pdflatex (file ./C
hapters/detail-retouching-figs/PS3.pdf): PDF inclusion: found PDF version <1.7>
, but at most version <1.6> allowed
<Chapters/detail-retouching-figs/PS3.pdf, id=920, 963.6pt x 542.025pt>
File: Chapters/detail-retouching-figs/PS3.pdf Graphic file (type pdf)
<use Chapters/detail-retouching-figs/PS3.pdf>
Package pdftex.def Info: Chapters/detail-retouching-figs/PS3.pdf  used on input
 line 61.
(pdftex.def)             Requested size: 250.38564pt x 140.84047pt.
[48 <./Chapters/detail-retouching-figs/PS1.pdf>]

pdfTeX warning: /usr/local/texlive/2024/bin/universal-darwin/pdflatex (file ./C
hapters/detail-retouching-figs/PS2.pdf): PDF inclusion: found PDF version <1.7>
, but at most version <1.6> allowed
<Chapters/detail-retouching-figs/PS2.pdf, id=937, 963.6pt x 542.025pt>
File: Chapters/detail-retouching-figs/PS2.pdf Graphic file (type pdf)
<use Chapters/detail-retouching-figs/PS2.pdf>
Package pdftex.def Info: Chapters/detail-retouching-figs/PS2.pdf  used on input
 line 71.
(pdftex.def)             Requested size: 250.38564pt x 140.84047pt.
) (./Chapters/detail-retouching-secs/Methodology.tex [49 <./Chapters/detail-ret
ouching-figs/PS3.pdf> <./Chapters/detail-retouching-figs/PS2.pdf

pdfTeX warning: /usr/local/texlive/2024/bin/universal-darwin/pdflatex (file ./C
hapters/detail-retouching-figs/PS2.pdf): PDF inclusion: multiple pdfs with page
 group included in a single page
>]

pdfTeX warning: /usr/local/texlive/2024/bin/universal-darwin/pdflatex (file ./C
hapters/detail-retouching-figs/MainFig.pdf): PDF inclusion: found PDF version <
1.7>, but at most version <1.6> allowed
<Chapters/detail-retouching-figs/MainFig.pdf, id=964, 1616.9208pt x 337.26pt>
File: Chapters/detail-retouching-figs/MainFig.pdf Graphic file (type pdf)
<use Chapters/detail-retouching-figs/MainFig.pdf>
Package pdftex.def Info: Chapters/detail-retouching-figs/MainFig.pdf  used on i
nput line 4.
(pdftex.def)             Requested size: 682.86617pt x 142.4356pt.
[50

 <./Chapters/detail-retouching-figs/MainFig.pdf>] [51

])
(./Chapters/detail-retouching-secs/Results.tex [52]
Package microtype Info: Loading generic protrusion settings for font family
(microtype)             `cmtt' (encoding: OT1).
(microtype)             For optimal results, create family-specific settings.
(microtype)             See the microtype manual for details.
 [53]
<Chapters/detail-retouching-figs/ablation_matrices.png, id=1061, 406.33807pt x 
312.2064pt>
File: Chapters/detail-retouching-figs/ablation_matrices.png Graphic file (type 
png)
<use Chapters/detail-retouching-figs/ablation_matrices.png>
Package pdftex.def Info: Chapters/detail-retouching-figs/ablation_matrices.png 
 used on input line 80.
(pdftex.def)             Requested size: 227.62206pt x 174.89156pt.
<Chapters/detail-retouching-figs/AblationStudy_K.pdf, id=1062, 697.60625pt x 52
6.96875pt>
File: Chapters/detail-retouching-figs/AblationStudy_K.pdf Graphic file (type pd
f)
<use Chapters/detail-retouching-figs/AblationStudy_K.pdf>
Package pdftex.def Info: Chapters/detail-retouching-figs/AblationStudy_K.pdf  u
sed on input line 89.
(pdftex.def)             Requested size: 364.19667pt x 275.11084pt.
 [54 <./Chapters/detail-retouching-figs/ablation_matrices.png>] [55 <./Chapters
/detail-retouching-figs/AblationStudy_K.pdf>]
<Chapters/detail-retouching-figs/weight_visualise.pdf, id=1106, 896.34875pt x 5
25.965pt>
File: Chapters/detail-retouching-figs/weight_visualise.pdf Graphic file (type p
df)
<use Chapters/detail-retouching-figs/weight_visualise.pdf>
Package pdftex.def Info: Chapters/detail-retouching-figs/weight_visualise.pdf  
used on input line 102.
(pdftex.def)             Requested size: 364.19667pt x 213.70485pt.
<Chapters/detail-retouching-figs/res_diff_light_2_cvmp.pdf, id=1108, 382.42876p
t x 394.47375pt>
File: Chapters/detail-retouching-figs/res_diff_light_2_cvmp.pdf Graphic file (t
ype pdf)
<use Chapters/detail-retouching-figs/res_diff_light_2_cvmp.pdf>
Package pdftex.def Info: Chapters/detail-retouching-figs/res_diff_light_2_cvmp.
pdf  used on input line 113.
(pdftex.def)             Requested size: 364.19667pt x 375.68692pt.
<Chapters/detail-retouching-figs/MaterialResults.pdf, id=1112, 477.785pt x 442.
65375pt>
File: Chapters/detail-retouching-figs/MaterialResults.pdf Graphic file (type pd
f)
<use Chapters/detail-retouching-figs/MaterialResults.pdf>
Package pdftex.def Info: Chapters/detail-retouching-figs/MaterialResults.pdf  u
sed on input line 122.
(pdftex.def)             Requested size: 364.19667pt x 337.41322pt.
<Chapters/detail-retouching-figs/Nuances.pdf, id=1118, 807.015pt x 765.86125pt>

File: Chapters/detail-retouching-figs/Nuances.pdf Graphic file (type pdf)
<use Chapters/detail-retouching-figs/Nuances.pdf>
Package pdftex.def Info: Chapters/detail-retouching-figs/Nuances.pdf  used on i
nput line 131.
(pdftex.def)             Requested size: 364.19667pt x 345.62769pt.
 [56 <./Chapters/detail-retouching-figs/weight_visualise.pdf>] [57 <./Chapters/
detail-retouching-figs/res_diff_light_2_cvmp.pdf>]
[58 <./Chapters/detail-retouching-figs/MaterialResults.pdf>] [59 <./Chapters/de
tail-retouching-figs/Nuances.pdf>]

pdfTeX warning: /usr/local/texlive/2024/bin/universal-darwin/pdflatex (file ./C
hapters/detail-retouching-figs/One-shot-labels.pdf): PDF inclusion: found PDF v
ersion <1.7>, but at most version <1.6> allowed
<Chapters/detail-retouching-figs/One-shot-labels.pdf, id=1221, 287.0725pt x 9.0
3375pt>
File: Chapters/detail-retouching-figs/One-shot-labels.pdf Graphic file (type pd
f)
<use Chapters/detail-retouching-figs/One-shot-labels.pdf>
Package pdftex.def Info: Chapters/detail-retouching-figs/One-shot-labels.pdf  u
sed on input line 200.
(pdftex.def)             Requested size: 373.3035pt x 11.74756pt.
<Chapters/detail-retouching-figs/Qualitative_zoomed_BF.pdf, id=1222, 349.29698p
t x 346.89601pt>
File: Chapters/detail-retouching-figs/Qualitative_zoomed_BF.pdf Graphic file (t
ype pdf)
<use Chapters/detail-retouching-figs/Qualitative_zoomed_BF.pdf>
Package pdftex.def Info: Chapters/detail-retouching-figs/Qualitative_zoomed_BF.
pdf  used on input line 202.
(pdftex.def)             Requested size: 455.24411pt x 452.12926pt.
File: Chapters/detail-retouching-figs/One-shot-labels.pdf Graphic file (type pd
f)
<use Chapters/detail-retouching-figs/One-shot-labels.pdf>
Package pdftex.def Info: Chapters/detail-retouching-figs/One-shot-labels.pdf  u
sed on input line 213.
(pdftex.def)             Requested size: 373.3035pt x 11.74756pt.
<Chapters/detail-retouching-figs/Qualitative_zoomed_LLF_a2_s02.pdf, id=1223, 34
9.29698pt x 346.89601pt>
File: Chapters/detail-retouching-figs/Qualitative_zoomed_LLF_a2_s02.pdf Graphic
 file (type pdf)
<use Chapters/detail-retouching-figs/Qualitative_zoomed_LLF_a2_s02.pdf>
Package pdftex.def Info: Chapters/detail-retouching-figs/Qualitative_zoomed_LLF
_a2_s02.pdf  used on input line 214.
(pdftex.def)             Requested size: 455.24411pt x 452.12926pt.
File: Chapters/detail-retouching-figs/One-shot-labels.pdf Graphic file (type pd
f)
<use Chapters/detail-retouching-figs/One-shot-labels.pdf>
Package pdftex.def Info: Chapters/detail-retouching-figs/One-shot-labels.pdf  u
sed on input line 224.
(pdftex.def)             Requested size: 373.3035pt x 11.74756pt.
<Chapters/detail-retouching-figs/Qualitative_zoomed_LLF_a05_s01.pdf, id=1224, 3
49.29698pt x 346.89601pt>
File: Chapters/detail-retouching-figs/Qualitative_zoomed_LLF_a05_s01.pdf Graphi
c file (type pdf)
<use Chapters/detail-retouching-figs/Qualitative_zoomed_LLF_a05_s01.pdf>
Package pdftex.def Info: Chapters/detail-retouching-figs/Qualitative_zoomed_LLF
_a05_s01.pdf  used on input line 225.
(pdftex.def)             Requested size: 455.24411pt x 452.12926pt.
[60] [61 <./Chapters/detail-retouching-figs/One-shot-labels.pdf> <./Chapters/de
tail-retouching-figs/Qualitative_zoomed_BF.pdf>] [62 <./Chapters/detail-retouch
ing-figs/Qualitative_zoomed_LLF_a2_s02.pdf>] [63 <./Chapters/detail-retouching-
figs/Qualitative_zoomed_LLF_a05_s01.pdf>]
<Chapters/detail-retouching-figs/Limitations.pdf, id=1454, 377.41pt x 260.975pt
>
File: Chapters/detail-retouching-figs/Limitations.pdf Graphic file (type pdf)
<use Chapters/detail-retouching-figs/Limitations.pdf>
Package pdftex.def Info: Chapters/detail-retouching-figs/Limitations.pdf  used 
on input line 235.
(pdftex.def)             Requested size: 364.19667pt x 251.8393pt.
) [64 <./Chapters/detail-retouching-figs/Limitations.pdf>]) (./Chapters/Zerosho
tDiffusion.tex)
(./Chapters/HyperBRDF.tex [65] [66

]
Chapter 4.
(./Chapters/hyperbrdf-sec/1_introduction.tex [67]
<Chapters/hyperbrdf-figs/teaser_cropped.png, id=1502, 1284.8pt x 604.2575pt>
File: Chapters/hyperbrdf-figs/teaser_cropped.png Graphic file (type png)
<use Chapters/hyperbrdf-figs/teaser_cropped.png>
Package pdftex.def Info: Chapters/hyperbrdf-figs/teaser_cropped.png  used on in
put line 16.
(pdftex.def)             Requested size: 455.24411pt x 214.10262pt.
 [68 <./Chapters/hyperbrdf-figs/teaser_cropped.png>] [69]) (./Chapters/hyperbrd
f-sec/2_relatedWork.tex
[70] [71]) (./Chapters/hyperbrdf-sec/3_method.tex
<Chapters/hyperbrdf-figs/MainFig_13_11.pdf, id=1631, 706.64pt x 266.9975pt>
File: Chapters/hyperbrdf-figs/MainFig_13_11.pdf Graphic file (type pdf)
<use Chapters/hyperbrdf-figs/MainFig_13_11.pdf>
Package pdftex.def Info: Chapters/hyperbrdf-figs/MainFig_13_11.pdf  used on inp
ut line 6.
(pdftex.def)             Requested size: 455.24411pt x 172.01038pt.
 [72 <./Chapters/hyperbrdf-figs/MainFig_13_11.pdf>] [73] [74]) (./Chapters/hype
rbrdf-sec/4_experiments.tex
[75]

pdfTeX warning: /usr/local/texlive/2024/bin/universal-darwin/pdflatex (file ./C
hapters/hyperbrdf-figs/tsne6_2_den1-cropped-compressed.pdf): PDF inclusion: fou
nd PDF version <1.7>, but at most version <1.6> allowed
<Chapters/hyperbrdf-figs/tsne6_2_den1-cropped-compressed.pdf, id=1715, 1320.202
29pt x 1086.45903pt>
File: Chapters/hyperbrdf-figs/tsne6_2_den1-cropped-compressed.pdf Graphic file 
(type pdf)
<use Chapters/hyperbrdf-figs/tsne6_2_den1-cropped-compressed.pdf>
Package pdftex.def Info: Chapters/hyperbrdf-figs/tsne6_2_den1-cropped-compresse
d.pdf  used on input line 24.
(pdftex.def)             Requested size: 364.19667pt x 299.7138pt.
<Chapters/hyperbrdf-figs/qual_comp_ggx_2.pdf, id=1716, 1187.43625pt x 1117.1737
5pt>
File: Chapters/hyperbrdf-figs/qual_comp_ggx_2.pdf Graphic file (type pdf)
<use Chapters/hyperbrdf-figs/qual_comp_ggx_2.pdf>
Package pdftex.def Info: Chapters/hyperbrdf-figs/qual_comp_ggx_2.pdf  used on i
nput line 53.
(pdftex.def)             Requested size: 409.71692pt x 385.4765pt.
File: Chapters/hyperbrdf-figs/qual_comp_ggx_2.pdf Graphic file (type pdf)
<use Chapters/hyperbrdf-figs/qual_comp_ggx_2.pdf>
Package pdftex.def Info: Chapters/hyperbrdf-figs/qual_comp_ggx_2.pdf  used on i
nput line 55.
(pdftex.def)             Requested size: 409.71692pt x 385.4765pt.
File: Chapters/hyperbrdf-figs/qual_comp_ggx_2.pdf Graphic file (type pdf)
<use Chapters/hyperbrdf-figs/qual_comp_ggx_2.pdf>
Package pdftex.def Info: Chapters/hyperbrdf-figs/qual_comp_ggx_2.pdf  used on i
nput line 57.
(pdftex.def)             Requested size: 409.71692pt x 385.4765pt.


pdfTeX warning: /usr/local/texlive/2024/bin/universal-darwin/pdflatex (file ./C
hapters/hyperbrdf-figs/N_labels2.pdf): PDF inclusion: found PDF version <1.7>, 
but at most version <1.6> allowed
<Chapters/hyperbrdf-figs/N_labels2.pdf, id=1717, 461.725pt x 10.0375pt>
File: Chapters/hyperbrdf-figs/N_labels2.pdf Graphic file (type pdf)
<use Chapters/hyperbrdf-figs/N_labels2.pdf>
Package pdftex.def Info: Chapters/hyperbrdf-figs/N_labels2.pdf  used on input l
ine 60.
(pdftex.def)             Requested size: 332.32625pt x 7.22453pt.
<Chapters/hyperbrdf-figs/legend.png, id=1718, 511.6716pt x 31.43745pt>
File: Chapters/hyperbrdf-figs/legend.png Graphic file (type png)
<use Chapters/hyperbrdf-figs/legend.png>
Package pdftex.def Info: Chapters/hyperbrdf-figs/legend.png  used on input line
 68.
(pdftex.def)             Requested size: 159.33821pt x 9.78963pt.
<Chapters/hyperbrdf-figs/PSNR_ggx.pdf, id=1719, 424.43379pt x 328.15987pt>
File: Chapters/hyperbrdf-figs/PSNR_ggx.pdf Graphic file (type pdf)
<use Chapters/hyperbrdf-figs/PSNR_ggx.pdf>
Package pdftex.def Info: Chapters/hyperbrdf-figs/PSNR_ggx.pdf  used on input li
ne 69.
(pdftex.def)             Requested size: 145.68503pt x 96.7362pt.
<Chapters/hyperbrdf-figs/DeltaE_ggx.pdf, id=1720, 430.174pt x 330.41133pt>
File: Chapters/hyperbrdf-figs/DeltaE_ggx.pdf Graphic file (type pdf)
<use Chapters/hyperbrdf-figs/DeltaE_ggx.pdf>
Package pdftex.def Info: Chapters/hyperbrdf-figs/DeltaE_ggx.pdf  used on input 
line 70.
(pdftex.def)             Requested size: 145.6796pt x 96.73946pt.
<Chapters/hyperbrdf-figs/MAE_ggx.pdf, id=1721, 424.43379pt x 328.15987pt>
File: Chapters/hyperbrdf-figs/MAE_ggx.pdf Graphic file (type pdf)
<use Chapters/hyperbrdf-figs/MAE_ggx.pdf>
Package pdftex.def Info: Chapters/hyperbrdf-figs/MAE_ggx.pdf  used on input lin
e 71.
(pdftex.def)             Requested size: 145.68503pt x 96.7362pt.
<Chapters/hyperbrdf-figs/RMSE_ggx.pdf, id=1722, 441.67006pt x 328.15987pt>
File: Chapters/hyperbrdf-figs/RMSE_ggx.pdf Graphic file (type pdf)
<use Chapters/hyperbrdf-figs/RMSE_ggx.pdf>
Package pdftex.def Info: Chapters/hyperbrdf-figs/RMSE_ggx.pdf  used on input li
ne 72.
(pdftex.def)             Requested size: 145.68417pt x 96.7362pt.
<Chapters/hyperbrdf-figs/RAE_ggx.pdf, id=1723, 453.16614pt x 328.15987pt>
File: Chapters/hyperbrdf-figs/RAE_ggx.pdf Graphic file (type pdf)
<use Chapters/hyperbrdf-figs/RAE_ggx.pdf>
Package pdftex.def Info: Chapters/hyperbrdf-figs/RAE_ggx.pdf  used on input lin
e 73.
(pdftex.def)             Requested size: 145.67993pt x 96.7362pt.
<Chapters/hyperbrdf-figs/SSIM_ggx.pdf, id=1724, 441.67006pt x 328.15987pt>
File: Chapters/hyperbrdf-figs/SSIM_ggx.pdf Graphic file (type pdf)
<use Chapters/hyperbrdf-figs/SSIM_ggx.pdf>
Package pdftex.def Info: Chapters/hyperbrdf-figs/SSIM_ggx.pdf  used on input li
ne 74.
(pdftex.def)             Requested size: 145.68417pt x 96.7362pt.
[76 <./Chapters/hyperbrdf-figs/tsne6_2_den1-cropped-compressed.pdf>]

Package natbib Warning: Citation `dupuy2015photorealistic' on page 77 undefined
 on input line 85.

[77 <./Chapters/hyperbrdf-figs/qual_comp_ggx_2.pdf> <./Chapters/hyperbrdf-figs/
N_labels2.pdf>] [78 <./Chapters/hyperbrdf-figs/legend.png> <./Chapters/hyperbrd
f-figs/PSNR_ggx.pdf> <./Chapters/hyperbrdf-figs/DeltaE_ggx.pdf> <./Chapters/hyp
erbrdf-figs/MAE_ggx.pdf> <./Chapters/hyperbrdf-figs/RMSE_ggx.pdf> <./Chapters/h
yperbrdf-figs/RAE_ggx.pdf> <./Chapters/hyperbrdf-figs/SSIM_ggx.pdf>] [79]

pdfTeX warning: /usr/local/texlive/2024/bin/universal-darwin/pdflatex (file ./C
hapters/hyperbrdf-figs/compression_comp1.pdf): PDF inclusion: found PDF version
 <1.7>, but at most version <1.6> allowed
<Chapters/hyperbrdf-figs/compression_comp1.pdf, id=2346, 596.2275pt x 245.91875
pt>
File: Chapters/hyperbrdf-figs/compression_comp1.pdf Graphic file (type pdf)
<use Chapters/hyperbrdf-figs/compression_comp1.pdf>
Package pdftex.def Info: Chapters/hyperbrdf-figs/compression_comp1.pdf  used on
 input line 208.
(pdftex.def)             Requested size: 409.71692pt x 168.98991pt.
[80]

pdfTeX warning: /usr/local/texlive/2024/bin/universal-darwin/pdflatex (file ./C
hapters/hyperbrdf-figs/interpolation_extended.pdf): PDF inclusion: found PDF ve
rsion <1.7>, but at most version <1.6> allowed
<Chapters/hyperbrdf-figs/interpolation_extended.pdf, id=2353, 1210.11093pt x 48
5.00197pt>
File: Chapters/hyperbrdf-figs/interpolation_extended.pdf Graphic file (type pdf
)
<use Chapters/hyperbrdf-figs/interpolation_extended.pdf>
Package pdftex.def Info: Chapters/hyperbrdf-figs/interpolation_extended.pdf  us
ed on input line 222.
(pdftex.def)             Requested size: 409.71692pt x 164.21024pt.

Package natbib Warning: Citation `resources16' on page 81 undefined on input li
ne 230.

[81 <./Chapters/hyperbrdf-figs/compression_comp1.pdf>]

pdfTeX warning: /usr/local/texlive/2024/bin/universal-darwin/pdflatex (file ./C
hapters/hyperbrdf-figs/SceneRenderings1.pdf): PDF inclusion: found PDF version 
<1.7>, but at most version <1.6> allowed
<Chapters/hyperbrdf-figs/SceneRenderings1.pdf, id=2430, 508.90125pt x 752.8125p
t>
File: Chapters/hyperbrdf-figs/SceneRenderings1.pdf Graphic file (type pdf)
<use Chapters/hyperbrdf-figs/SceneRenderings1.pdf>
Package pdftex.def Info: Chapters/hyperbrdf-figs/SceneRenderings1.pdf  used on 
input line 235.
(pdftex.def)             Requested size: 318.66948pt x 471.42561pt.
[82 <./Chapters/hyperbrdf-figs/interpolation_extended.pdf>]
<Chapters/hyperbrdf-figs/ipca_opt_q_40_cropped.pdf, id=2539, 430.67586pt x 319.
80052pt>
File: Chapters/hyperbrdf-figs/ipca_opt_q_40_cropped.pdf Graphic file (type pdf)

<use Chapters/hyperbrdf-figs/ipca_opt_q_40_cropped.pdf>
Package pdftex.def Info: Chapters/hyperbrdf-figs/ipca_opt_q_40_cropped.pdf  use
d on input line 283.
(pdftex.def)             Requested size: 227.62206pt x 169.02013pt.
 [83])
(./Chapters/hyperbrdf-sec/5_conclusion.tex)) (./Chapters/Conclusion.tex)
[84] [85 <./Chapters/hyperbrdf-figs/SceneRenderings1.pdf>] [86 <./Chapters/hype
rbrdf-figs/ipca_opt_q_40_cropped.pdf>] (./thesis.bbl [87


] [88] [89] [90]
[91] [92] [93] [94] [95] [96] [97] [98]) [99] [100

]
Appendix A.
(./Chapters/Appendix.tex
<Chapters/hyperbrdf-figs/qualitative_comp_40_all_samples.pdf, id=2708, 1347.032
5pt x 2436.10126pt>
File: Chapters/hyperbrdf-figs/qualitative_comp_40_all_samples.pdf Graphic file 
(type pdf)
<use Chapters/hyperbrdf-figs/qualitative_comp_40_all_samples.pdf>
Package pdftex.def Info: Chapters/hyperbrdf-figs/qualitative_comp_40_all_sample
s.pdf  used on input line 14.
(pdftex.def)             Requested size: 300.46277pt x 543.37831pt.
<Chapters/hyperbrdf-figs/vbar.png, id=2709, 57.816pt x 320.1561pt>
File: Chapters/hyperbrdf-figs/vbar.png Graphic file (type png)
<use Chapters/hyperbrdf-figs/vbar.png>
Package pdftex.def Info: Chapters/hyperbrdf-figs/vbar.png  used on input line 1
5.
(pdftex.def)             Requested size: 9.10683pt x 50.42485pt.
<Chapters/hyperbrdf-figs/supp_40.pdf, id=2711, 1105.12875pt x 2436.10126pt>
File: Chapters/hyperbrdf-figs/supp_40.pdf Graphic file (type pdf)
<use Chapters/hyperbrdf-figs/supp_40.pdf>
Package pdftex.def Info: Chapters/hyperbrdf-figs/supp_40.pdf  used on input lin
e 84.
(pdftex.def)             Requested size: 327.7763pt x 722.50954pt.
File: Chapters/hyperbrdf-figs/vbar.png Graphic file (type png)
<use Chapters/hyperbrdf-figs/vbar.png>
Package pdftex.def Info: Chapters/hyperbrdf-figs/vbar.png  used on input line 8
6.
(pdftex.def)             Requested size: 9.10683pt x 50.42485pt.


LaTeX Warning: Float too large for page by 55.60735pt on input line 89.

<Chapters/hyperbrdf-figs/supp_160.pdf, id=2712, 1105.12875pt x 2436.10126pt>
File: Chapters/hyperbrdf-figs/supp_160.pdf Graphic file (type pdf)
<use Chapters/hyperbrdf-figs/supp_160.pdf>
Package pdftex.def Info: Chapters/hyperbrdf-figs/supp_160.pdf  used on input li
ne 97.
(pdftex.def)             Requested size: 327.7763pt x 722.50954pt.
File: Chapters/hyperbrdf-figs/vbar.png Graphic file (type png)
<use Chapters/hyperbrdf-figs/vbar.png>
Package pdftex.def Info: Chapters/hyperbrdf-figs/vbar.png  used on input line 9
9.
(pdftex.def)             Requested size: 9.10683pt x 50.42485pt.

LaTeX Warning: Float too large for page by 55.60735pt on input line 102.

<Chapters/hyperbrdf-figs/supp_400.pdf, id=2713, 1105.12875pt x 2436.10126pt>
File: Chapters/hyperbrdf-figs/supp_400.pdf Graphic file (type pdf)
<use Chapters/hyperbrdf-figs/supp_400.pdf>
Package pdftex.def Info: Chapters/hyperbrdf-figs/supp_400.pdf  used on input li
ne 110.
(pdftex.def)             Requested size: 327.7763pt x 722.50954pt.
File: Chapters/hyperbrdf-figs/vbar.png Graphic file (type png)
<use Chapters/hyperbrdf-figs/vbar.png>
Package pdftex.def Info: Chapters/hyperbrdf-figs/vbar.png  used on input line 1
12.
(pdftex.def)             Requested size: 9.10683pt x 50.42485pt.

LaTeX Warning: Float too large for page by 55.60735pt on input line 115.

<Chapters/hyperbrdf-figs/supp_2000.pdf, id=2714, 1105.12875pt x 2436.10126pt>
File: Chapters/hyperbrdf-figs/supp_2000.pdf Graphic file (type pdf)
<use Chapters/hyperbrdf-figs/supp_2000.pdf>
Package pdftex.def Info: Chapters/hyperbrdf-figs/supp_2000.pdf  used on input l
ine 123.
(pdftex.def)             Requested size: 327.7763pt x 722.50954pt.
File: Chapters/hyperbrdf-figs/vbar.png Graphic file (type png)
<use Chapters/hyperbrdf-figs/vbar.png>
Package pdftex.def Info: Chapters/hyperbrdf-figs/vbar.png  used on input line 1
25.
(pdftex.def)             Requested size: 9.10683pt x 50.42485pt.

LaTeX Warning: Float too large for page by 55.60735pt on input line 128.

<Chapters/hyperbrdf-figs/supp_4000.pdf, id=2715, 1105.12875pt x 2436.10126pt>
File: Chapters/hyperbrdf-figs/supp_4000.pdf Graphic file (type pdf)
<use Chapters/hyperbrdf-figs/supp_4000.pdf>
Package pdftex.def Info: Chapters/hyperbrdf-figs/supp_4000.pdf  used on input l
ine 135.
(pdftex.def)             Requested size: 327.7763pt x 722.50954pt.
File: Chapters/hyperbrdf-figs/vbar.png Graphic file (type png)
<use Chapters/hyperbrdf-figs/vbar.png>
Package pdftex.def Info: Chapters/hyperbrdf-figs/vbar.png  used on input line 1
37.
(pdftex.def)             Requested size: 9.10683pt x 50.42485pt.

LaTeX Warning: Float too large for page by 55.60735pt on input line 140.

) [101] [102 <./Chapters/hyperbrdf-figs/qualitative_comp_40_all_samples.pdf> <.
/Chapters/hyperbrdf-figs/vbar.png>] [103 <./Chapters/hyperbrdf-figs/supp_40.pdf
>] [104 <./Chapters/hyperbrdf-figs/supp_160.pdf>] [105 <./Chapters/hyperbrdf-fi
gs/supp_400.pdf>] [106 <./Chapters/hyperbrdf-figs/supp_2000.pdf>] [107 <./Chapt
ers/hyperbrdf-figs/supp_4000.pdf>] [108]
No file thesis.ind.

Package natbib Warning: There were undefined citations.

(./thesis.aux)
 ***********
LaTeX2e <2023-11-01> patch level 1
L3 programming layer <2024-02-20>
 ***********


LaTeX Warning: There were multiply-defined labels.

Package rerunfilecheck Info: File `thesis.out' has not changed.
(rerunfilecheck)             Checksum: 83931B19E054E2B92DCDFE9FE7142586;11082.
 )
(\end occurred inside a group at level 1)

### simple group (level 1) entered at line 59 ({)
### bottom level 
Here is how much of TeX's memory you used:
 25150 strings out of 474116
 431655 string characters out of 5743683
 1945187 words of memory out of 5000000
 46305 multiletter control sequences out of 15000+600000
 581919 words of font info for 230 fonts, out of 8000000 for 9000
 1141 hyphenation exceptions out of 8191
 109i,16n,131p,2400b,825s stack positions out of 10000i,1000n,20000p,200000b,200000s

pdfTeX warning (dest): name{glo:MLP} has been referenced but does not exist, re
placed by a fixed one


pdfTeX warning (dest): name{glo:computer} has been referenced but does not exis
t, replaced by a fixed one

</usr/local/texlive/2024/texmf-dist/fonts/type1/public/amsfonts/cm/cmbx12.pfb><
/usr/local/texlive/2024/texmf-dist/fonts/type1/public/amsfonts/cm/cmbx8.pfb></u
sr/local/texlive/2024/texmf-dist/fonts/type1/public/amsfonts/cm/cmbxti10.pfb></
usr/local/texlive/2024/texmf-dist/fonts/type1/public/amsfonts/cm/cmex10.pfb></u
sr/local/texlive/2024/texmf-dist/fonts/type1/public/amsfonts/cm/cmmi12.pfb></us
r/local/texlive/2024/texmf-dist/fonts/type1/public/amsfonts/cm/cmmi6.pfb></usr/
local/texlive/2024/texmf-dist/fonts/type1/public/amsfonts/cm/cmmi8.pfb></usr/lo
cal/texlive/2024/texmf-dist/fonts/type1/public/amsfonts/cm/cmr10.pfb></usr/loca
l/texlive/2024/texmf-dist/fonts/type1/public/amsfonts/cm/cmr12.pfb></usr/local/
texlive/2024/texmf-dist/fonts/type1/public/amsfonts/cm/cmr6.pfb></usr/local/tex
live/2024/texmf-dist/fonts/type1/public/amsfonts/cm/cmr7.pfb></usr/local/texliv
e/2024/texmf-dist/fonts/type1/public/amsfonts/cm/cmr8.pfb></usr/local/texlive/2
024/texmf-dist/fonts/type1/public/amsfonts/cm/cmsy10.pfb></usr/local/texlive/20
24/texmf-dist/fonts/type1/public/amsfonts/cm/cmsy8.pfb></usr/local/texlive/2024
/texmf-dist/fonts/type1/public/amsfonts/cm/cmti12.pfb></usr/local/texlive/2024/
texmf-dist/fonts/type1/public/amsfonts/cm/cmtt12.pfb></usr/local/texlive/2024/t
exmf-dist/fonts/type1/public/amsfonts/symbols/msbm10.pfb></usr/local/texlive/20
24/texmf-dist/fonts/type1/public/cm-super/sfrm1200.pfb>
Output written on thesis.pdf (108 pages, 249714104 bytes).
PDF statistics:
 5249 PDF objects out of 6186 (max. 8388607)
 3026 compressed objects within 31 object streams
 447 named destinations out of 1000 (max. 500000)
 55659 words of extra memory for PDF output out of 61914 (max. 10000000)

