\BOOKMARK [0][-]{chapter.1}{\376\377\000I\000n\000t\000r\000o\000d\000u\000c\000t\000i\000o\000n}{}% 1
\BOOKMARK [1][-]{section.1.1}{\376\377\000O\000v\000e\000r\000v\000i\000e\000w}{chapter.1}% 2
\BOOKMARK [2][-]{subsection.1.1.1}{\376\377\000O\000n\000e\000-\000s\000h\000o\000t\000\040\000d\000e\000t\000a\000i\000l\000\040\000r\000e\000t\000o\000u\000c\000h\000i\000n\000g}{section.1.1}% 3
\BOOKMARK [2][-]{subsection.1.1.2}{\376\377\000T\000e\000x\000t\000-\000g\000u\000i\000d\000e\000d\000\040\000t\000r\000a\000n\000s\000i\000e\000n\000t\000\040\000a\000t\000t\000r\000i\000b\000u\000t\000e\000\040\000t\000r\000a\000n\000s\000f\000e\000r}{section.1.1}% 4
\BOOKMARK [2][-]{subsection.1.1.3}{\376\377\000G\000e\000n\000e\000r\000a\000l\000i\000s\000a\000b\000l\000e\000\040\000N\000e\000u\000r\000a\000l\000\040\000B\000R\000D\000F\000\040\000R\000e\000p\000r\000e\000s\000e\000n\000t\000a\000t\000i\000o\000n}{section.1.1}% 5
\BOOKMARK [1][-]{section.1.2}{\376\377\000C\000o\000n\000t\000r\000i\000b\000u\000t\000i\000o\000n\000s\000\040\000a\000n\000d\000\040\000p\000u\000b\000l\000i\000c\000a\000t\000i\000o\000n\000s}{chapter.1}% 6
\BOOKMARK [0][-]{chapter.2}{\376\377\000B\000a\000c\000k\000g\000r\000o\000u\000n\000d}{}% 7
\BOOKMARK [1][-]{section.2.1}{\376\377\000R\000e\000n\000d\000e\000r\000i\000n\000g}{chapter.2}% 8
\BOOKMARK [2][-]{subsection.2.1.1}{\376\377\000D\000i\000s\000p\000l\000a\000y\000i\000n\000g\000\040\000a\000n\000\040\000i\000m\000a\000g\000e}{section.2.1}% 9
\BOOKMARK [2][-]{subsection.2.1.2}{\376\377\0003\000D\000\040\000s\000c\000e\000n\000e\000\040\000c\000o\000m\000p\000o\000n\000e\000n\000t\000s}{section.2.1}% 10
\BOOKMARK [2][-]{subsection.2.1.3}{\376\377\000P\000h\000o\000t\000o\000r\000e\000a\000l\000i\000s\000t\000i\000c\000\040\000r\000e\000n\000d\000e\000r\000i\000n\000g}{section.2.1}% 11
\BOOKMARK [2][-]{subsection.2.1.4}{\376\377\000S\000h\000a\000d\000e\000r\000s\000\040\000a\000n\000d\000\040\000B\000R\000D\000F}{section.2.1}% 12
\BOOKMARK [2][-]{subsection.2.1.5}{\376\377\000R\000e\000n\000d\000e\000r\000i\000n\000g\000\040\000e\000q\000u\000a\000t\000i\000o\000n}{section.2.1}% 13
\BOOKMARK [1][-]{section.2.2}{\376\377\000M\000a\000c\000h\000i\000n\000e\000\040\000l\000e\000a\000r\000n\000i\000n\000g}{chapter.2}% 14
\BOOKMARK [2][-]{subsection.2.2.1}{\376\377\000F\000o\000u\000n\000d\000a\000t\000i\000o\000n\000s}{section.2.2}% 15
\BOOKMARK [2][-]{subsection.2.2.2}{\376\377\000M\000u\000l\000t\000i\000l\000a\000y\000e\000r\000\040\000p\000e\000r\000c\000e\000p\000t\000r\000o\000n\000s}{section.2.2}% 16
\BOOKMARK [2][-]{subsection.2.2.3}{\376\377\000N\000e\000u\000r\000a\000l\000\040\000i\000m\000p\000l\000i\000c\000i\000t\000\040\000r\000e\000p\000r\000e\000s\000e\000n\000t\000a\000t\000i\000o\000n\000s}{section.2.2}% 17
\BOOKMARK [0][-]{chapter.3}{\376\377\000O\000n\000e\000-\000s\000h\000o\000t\000\040\000D\000e\000t\000a\000i\000l\000\040\000R\000e\000t\000o\000u\000c\000h\000i\000n\000g}{}% 18
\BOOKMARK [1][-]{section.3.1}{\376\377\000I\000n\000t\000r\000o\000d\000u\000c\000t\000i\000o\000n}{chapter.3}% 19
\BOOKMARK [1][-]{section.3.2}{\376\377\000R\000e\000l\000a\000t\000e\000d\000\040\000w\000o\000r\000k}{chapter.3}% 20
\BOOKMARK [2][-]{subsection.3.2.1}{\376\377\000D\000i\000g\000i\000t\000a\000l\000\040\000p\000h\000o\000t\000o\000\040\000e\000n\000h\000a\000n\000c\000e\000m\000e\000n\000t}{section.3.2}% 21
\BOOKMARK [2][-]{subsection.3.2.2}{\376\377\000D\000e\000f\000i\000n\000i\000n\000g\000\040\000m\000a\000p\000s\000\040\000b\000e\000t\000w\000e\000e\000n\000\040\000i\000m\000a\000g\000e\000s}{section.3.2}% 22
\BOOKMARK [1][-]{section.3.3}{\376\377\000O\000v\000e\000r\000v\000i\000e\000w\000\040\000a\000n\000d\000\040\000m\000o\000t\000i\000v\000a\000t\000i\000o\000n\000s}{chapter.3}% 23
\BOOKMARK [1][-]{section.3.4}{\376\377\000O\000n\000e\000-\000s\000h\000o\000t\000\040\000r\000e\000t\000o\000u\000c\000h\000i\000n\000g}{chapter.3}% 24
\BOOKMARK [2][-]{subsection.3.4.1}{\376\377\000F\000r\000e\000q\000u\000e\000n\000c\000y\000\040\000d\000e\000c\000o\000m\000p\000o\000s\000i\000t\000i\000o\000n}{section.3.4}% 25
\BOOKMARK [2][-]{subsection.3.4.2}{\376\377\000T\000r\000a\000n\000s\000f\000o\000r\000m\000a\000t\000i\000o\000n\000\040\000b\000l\000e\000n\000d\000i\000n\000g}{section.3.4}% 26
\BOOKMARK [2][-]{subsection.3.4.3}{\376\377\000R\000e\000t\000o\000u\000c\000h\000i\000n\000g\000\040\000a\000n\000\040\000i\000n\000p\000u\000t\000\040\000i\000m\000a\000g\000e}{section.3.4}% 27
\BOOKMARK [2][-]{subsection.3.4.4}{\376\377\000I\000m\000p\000l\000e\000m\000e\000n\000t\000a\000t\000i\000o\000n}{section.3.4}% 28
\BOOKMARK [1][-]{section.3.5}{\376\377\000R\000e\000s\000u\000l\000t\000s}{chapter.3}% 29
\BOOKMARK [2][-]{subsection.3.5.1}{\376\377\000A\000b\000l\000a\000t\000i\000o\000n\000\040\000s\000t\000u\000d\000i\000e\000s}{section.3.5}% 30
\BOOKMARK [2][-]{subsection.3.5.2}{\376\377\000Q\000u\000a\000l\000i\000t\000a\000t\000i\000v\000e\000\040\000r\000e\000s\000u\000l\000t\000s}{section.3.5}% 31
\BOOKMARK [2][-]{subsection.3.5.3}{\376\377\000C\000o\000m\000p\000a\000r\000i\000s\000o\000n\000\040\000w\000i\000t\000h\000\040\000t\000h\000e\000\040\000s\000t\000a\000t\000e\000-\000o\000f\000-\000t\000h\000e\000-\000a\000r\000t}{section.3.5}% 32
\BOOKMARK [2][-]{subsection.3.5.4}{\376\377\000L\000i\000m\000i\000t\000a\000t\000i\000o\000n\000s\000\040\000a\000n\000d\000\040\000f\000u\000t\000u\000r\000e\000\040\000w\000o\000r\000k}{section.3.5}% 33
\BOOKMARK [1][-]{section.3.6}{\376\377\000S\000u\000m\000m\000a\000r\000y}{chapter.3}% 34
\BOOKMARK [0][-]{chapter.4}{\376\377\000T\000e\000x\000t\000-\000g\000u\000i\000d\000e\000d\000\040\000T\000r\000a\000n\000s\000i\000e\000n\000t\000\040\000A\000t\000t\000r\000i\000b\000u\000t\000e\000\040\000T\000r\000a\000n\000s\000f\000e\000r}{}% 35
\BOOKMARK [1][-]{section.4.1}{\376\377\000I\000n\000t\000r\000o\000d\000u\000c\000t\000i\000o\000n}{chapter.4}% 36
\BOOKMARK [1][-]{section.4.2}{\376\377\000R\000e\000l\000a\000t\000e\000d\000\040\000w\000o\000r\000k}{chapter.4}% 37
\BOOKMARK [2][-]{subsection.4.2.1}{\376\377\000T\000e\000x\000t\000-\000t\000o\000-\000i\000m\000a\000g\000e\000\040\000s\000y\000n\000t\000h\000e\000s\000i\000s}{section.4.2}% 38
\BOOKMARK [2][-]{subsection.4.2.2}{\376\377\000T\000e\000x\000t\000-\000g\000u\000i\000d\000e\000d\000\040\000i\000m\000a\000g\000e\000\040\000m\000a\000n\000i\000p\000u\000l\000a\000t\000i\000o\000n}{section.4.2}% 39
\BOOKMARK [1][-]{section.4.3}{\376\377\000M\000e\000t\000h\000o\000d\000o\000l\000o\000g\000y}{chapter.4}% 40
\BOOKMARK [2][-]{subsection.4.3.1}{\376\377\000T\000r\000a\000n\000s\000i\000e\000n\000t\000\040\000a\000t\000t\000r\000i\000b\000u\000t\000e\000\040\000d\000a\000t\000a\000s\000e\000t}{section.4.3}% 41
\BOOKMARK [2][-]{subsection.4.3.2}{\376\377\000T\000r\000a\000n\000s\000i\000e\000n\000t\000\040\000a\000t\000t\000r\000i\000b\000u\000t\000e\000\040\000t\000r\000a\000n\000s\000f\000e\000r}{section.4.3}% 42
\BOOKMARK [1][-]{section.4.4}{\376\377\000E\000x\000p\000e\000r\000i\000m\000e\000n\000t\000s}{chapter.4}% 43
\BOOKMARK [2][-]{subsection.4.4.1}{\376\377\000F\000i\000n\000e\000-\000t\000u\000n\000i\000n\000g}{section.4.4}% 44
\BOOKMARK [2][-]{subsection.4.4.2}{\376\377\000Z\000e\000r\000o\000-\000s\000h\000o\000t\000\040\000l\000a\000t\000e\000n\000t\000\040\000d\000i\000f\000f\000u\000s\000i\000o\000n}{section.4.4}% 45
\BOOKMARK [2][-]{subsection.4.4.3}{\376\377\000G\000r\000i\000d\000\040\000s\000e\000a\000r\000c\000h}{section.4.4}% 46
\BOOKMARK [2][-]{subsection.4.4.4}{\376\377\000Q\000u\000a\000l\000i\000t\000a\000t\000i\000v\000e\000\040\000c\000o\000m\000p\000a\000r\000i\000s\000o\000n}{section.4.4}% 47
\BOOKMARK [1][-]{section.4.5}{\376\377\000L\000i\000m\000i\000t\000a\000t\000i\000o\000n\000s\000\040\000a\000n\000d\000\040\000f\000u\000t\000u\000r\000e\000\040\000w\000o\000r\000k}{chapter.4}% 48
\BOOKMARK [1][-]{section.4.6}{\376\377\000S\000u\000m\000m\000a\000r\000y}{chapter.4}% 49
\BOOKMARK [0][-]{chapter.5}{\376\377\000H\000y\000p\000e\000r\000B\000R\000D\000F\000:\000\040\000N\000e\000u\000r\000a\000l\000\040\000G\000e\000n\000e\000r\000a\000l\000i\000z\000a\000b\000l\000e\000\040\000M\000a\000t\000e\000r\000i\000a\000l\000\040\000R\000e\000p\000r\000e\000s\000e\000n\000t\000a\000t\000i\000o\000n}{}% 50
\BOOKMARK [1][-]{section.5.1}{\376\377\000I\000n\000t\000r\000o\000d\000u\000c\000t\000i\000o\000n}{chapter.5}% 51
\BOOKMARK [1][-]{section.5.2}{\376\377\000M\000o\000t\000i\000v\000a\000t\000i\000o\000n\000\040\000a\000n\000d\000\040\000i\000m\000p\000a\000c\000t}{chapter.5}% 52
\BOOKMARK [1][-]{section.5.3}{\376\377\000R\000e\000l\000a\000t\000e\000d\000\040\000w\000o\000r\000k}{chapter.5}% 53
\BOOKMARK [2][-]{subsection.5.3.1}{\376\377\000A\000n\000a\000l\000y\000t\000i\000c\000\040\000B\000R\000D\000F\000\040\000m\000o\000d\000e\000l\000s}{section.5.3}% 54
\BOOKMARK [2][-]{subsection.5.3.2}{\376\377\000R\000e\000g\000r\000e\000s\000s\000i\000o\000n\000-\000b\000a\000s\000e\000d\000\040\000B\000R\000D\000F\000\040\000e\000s\000t\000i\000m\000a\000t\000i\000o\000n}{section.5.3}% 55
\BOOKMARK [2][-]{subsection.5.3.3}{\376\377\000E\000f\000f\000i\000c\000i\000e\000n\000t\000\040\000B\000R\000D\000F\000\040\000a\000c\000q\000u\000i\000s\000i\000t\000i\000o\000n}{section.5.3}% 56
\BOOKMARK [2][-]{subsection.5.3.4}{\376\377\000H\000y\000p\000e\000r\000n\000e\000t\000w\000o\000r\000k\000s\000\040\000a\000n\000d\000\040\000G\000N\000F\000s}{section.5.3}% 57
\BOOKMARK [1][-]{section.5.4}{\376\377\000M\000e\000t\000h\000o\000d\000o\000l\000o\000g\000y}{chapter.5}% 58
\BOOKMARK [2][-]{subsection.5.4.1}{\376\377\000P\000r\000e\000-\000p\000r\000o\000c\000e\000s\000s\000i\000n\000g}{section.5.4}% 59
\BOOKMARK [2][-]{subsection.5.4.2}{\376\377\000H\000y\000p\000e\000r\000n\000e\000t\000w\000o\000r\000k}{section.5.4}% 60
\BOOKMARK [3][-]{subsubsection.5.4.2.1}{\376\377\000S\000e\000t\000\040\000e\000n\000c\000o\000d\000e\000r}{subsection.5.4.2}% 61
\BOOKMARK [3][-]{subsubsection.5.4.2.2}{\376\377\000H\000y\000p\000e\000r\000n\000e\000t\000w\000o\000r\000k\000\040\000d\000e\000c\000o\000d\000e\000r\000\040\000a\000n\000d\000\040\000h\000y\000p\000o\000n\000e\000t}{subsection.5.4.2}% 62
\BOOKMARK [2][-]{subsection.5.4.3}{\376\377\000T\000r\000a\000i\000n\000i\000n\000g}{section.5.4}% 63
\BOOKMARK [1][-]{section.5.5}{\376\377\000E\000x\000p\000e\000r\000i\000m\000e\000n\000t\000s}{chapter.5}% 64
\BOOKMARK [2][-]{subsection.5.5.1}{\376\377\000D\000a\000t\000a\000s\000e\000t\000s\000\040\000a\000n\000d\000\040\000b\000a\000s\000e\000l\000i\000n\000e\000s}{section.5.5}% 65
\BOOKMARK [2][-]{subsection.5.5.2}{\376\377\000S\000p\000a\000r\000s\000e\000\040\000B\000R\000D\000F\000\040\000r\000e\000c\000o\000n\000s\000t\000r\000u\000c\000t\000i\000o\000n}{section.5.5}% 66
\BOOKMARK [3][-]{subsubsection.5.5.2.1}{\376\377\000Q\000u\000a\000l\000i\000t\000a\000t\000i\000v\000e\000\040\000c\000o\000m\000p\000a\000r\000i\000s\000o\000n}{subsection.5.5.2}% 67
\BOOKMARK [3][-]{subsubsection.5.5.2.2}{\376\377\000Q\000u\000a\000n\000t\000i\000t\000a\000t\000i\000v\000e\000\040\000e\000v\000a\000l\000u\000a\000t\000i\000o\000n}{subsection.5.5.2}% 68
\BOOKMARK [3][-]{subsubsection.5.5.2.3}{\376\377\000C\000o\000m\000p\000a\000r\000i\000s\000o\000n\000\040\000w\000i\000t\000h\000\040\000c\000a\000s\000u\000a\000l\000\040\000c\000a\000p\000t\000u\000r\000e\000\040\000s\000e\000t\000u\000p\000s}{subsection.5.5.2}% 69
\BOOKMARK [2][-]{subsection.5.5.3}{\376\377\000C\000o\000m\000p\000r\000e\000s\000s\000i\000o\000n}{section.5.5}% 70
\BOOKMARK [2][-]{subsection.5.5.4}{\376\377\000B\000R\000D\000F\000\040\000e\000d\000i\000t\000i\000n\000g}{section.5.5}% 71
\BOOKMARK [2][-]{subsection.5.5.5}{\376\377\000A\000b\000l\000a\000t\000i\000o\000n\000\040\000s\000t\000u\000d\000i\000e\000s}{section.5.5}% 72
\BOOKMARK [3][-]{subsubsection.5.5.5.1}{\376\377\000L\000a\000t\000e\000n\000t\000\040\000d\000i\000m\000e\000n\000s\000i\000o\000n}{subsection.5.5.5}% 73
\BOOKMARK [3][-]{subsubsection.5.5.5.2}{\376\377\000L\000o\000g\000\040\000r\000e\000l\000a\000t\000i\000v\000e\000\040\000m\000a\000p\000p\000i\000n\000g\000\040\000\050\000L\000R\000M\000\051}{subsection.5.5.5}% 74
\BOOKMARK [3][-]{subsubsection.5.5.5.3}{\376\377\000C\000o\000s\000i\000n\000e\000\040\000w\000e\000i\000g\000h\000t\000i\000n\000g}{subsection.5.5.5}% 75
\BOOKMARK [3][-]{subsubsection.5.5.5.4}{\376\377\000P\000r\000i\000n\000c\000i\000p\000a\000l\000\040\000c\000o\000m\000p\000o\000n\000e\000n\000t\000\040\000a\000n\000a\000l\000y\000s\000i\000s\000\040\000\050\000P\000C\000A\000\051}{subsection.5.5.5}% 76
\BOOKMARK [2][-]{subsection.5.5.6}{\376\377\000S\000c\000e\000n\000e\000\040\000r\000e\000n\000d\000e\000r\000i\000n\000g\000s}{section.5.5}% 77
\BOOKMARK [2][-]{subsection.5.5.7}{\376\377\000L\000i\000m\000i\000t\000a\000t\000i\000o\000n\000s\000\040\000a\000n\000d\000\040\000f\000u\000t\000u\000r\000e\000\040\000w\000o\000r\000k}{section.5.5}% 78
\BOOKMARK [1][-]{section.5.6}{\376\377\000S\000u\000m\000m\000a\000r\000y}{chapter.5}% 79
\BOOKMARK [0][-]{chapter.6}{\376\377\000C\000o\000n\000c\000l\000u\000s\000i\000o\000n\000\040\000a\000n\000d\000\040\000F\000u\000t\000u\000r\000e\000\040\000W\000o\000r\000k}{}% 80
\BOOKMARK [0][-]{section*.99}{\376\377\000B\000i\000b\000l\000i\000o\000g\000r\000a\000p\000h\000y}{}% 81
\BOOKMARK [0][-]{appendix.A}{\376\377\000O\000n\000e\000-\000s\000h\000o\000t\000\040\000D\000e\000t\000a\000i\000l\000\040\000R\000e\000t\000o\000u\000c\000h\000i\000n\000g}{}% 82
\BOOKMARK [0][-]{appendix.B}{\376\377\000T\000r\000a\000n\000s\000i\000e\000n\000t\000\040\000A\000t\000t\000r\000i\000b\000u\000t\000e\000\040\000T\000r\000a\000n\000s\000f\000e\000r}{}% 83
\BOOKMARK [0][-]{appendix.C}{\376\377\000H\000y\000p\000e\000r\000B\000R\000D\000F}{}% 84
\BOOKMARK [1][-]{section.C.1}{\376\377\000F\000u\000l\000l\000\040\000r\000e\000c\000o\000n\000s\000t\000r\000u\000c\000t\000i\000o\000n}{appendix.C}% 85
\BOOKMARK [1][-]{section.C.2}{\376\377\000S\000p\000a\000r\000s\000e\000\040\000r\000e\000c\000o\000n\000s\000t\000r\000u\000c\000t\000i\000o\000n}{appendix.C}% 86
\BOOKMARK [1][-]{section.C.3}{\376\377\000C\000o\000m\000p\000r\000e\000s\000s\000i\000o\000n}{appendix.C}% 87
